2023-09-27 20:03:33.846 [restartedMain] DEBUG org.hibernate.SQL - 
    [34malter[0m [34mtable[0m [34muser[0m 
       modify [34mcolumn[0m birth  [34mDATE[0m
2023-09-27 20:04:41.808 [restartedMain] DEBUG org.hibernate.SQL - 
    [34malter[0m [34mtable[0m [34muser[0m 
       modify [34mcolumn[0m birth  [34mDATE[0m
2023-09-27 20:04:56.601 [http-nio-8080-exec-1] DEBUG org.hibernate.SQL - 
    [34mselect[0m
        u1_0.id,
        u1_0.birth,
        u1_0.gender,
        u1_0.image,
        u1_0.name,
        u1_0.nickname,
        u1_0.password,
        u1_0.uuid 
    [34mfrom[0m
        [34muser[0m u1_0 
    [34mwhere[0m
        u1_0.id=?
2023-09-27 20:04:56.605 [http-nio-8080-exec-1] TRACE org.hibernate.orm.jdbc.bind - binding parameter [1] as [VARCHAR] - [zxcv]
2023-09-27 20:04:56.620 [http-nio-8080-exec-1] DEBUG org.hibernate.SQL - 
    [34mselect[0m
        u1_0.id,
        u1_0.birth,
        u1_0.gender,
        u1_0.image,
        u1_0.name,
        u1_0.nickname,
        u1_0.password,
        u1_0.uuid 
    [34mfrom[0m
        [34muser[0m u1_0 
    [34mwhere[0m
        u1_0.id=?
2023-09-27 20:04:56.620 [http-nio-8080-exec-1] TRACE org.hibernate.orm.jdbc.bind - binding parameter [1] as [VARCHAR] - [zxcv]
2023-09-27 20:04:56.667 [http-nio-8080-exec-1] DEBUG org.hibernate.SQL - 
    [34minsert[0m 
    [34minto[0m
        [34muser[0m
        (birth,gender,image,name,nickname,password,uuid,id) 
    [34mvalues[0m
        (?,?,?,?,?,?,?,?)
2023-09-27 20:04:56.670 [http-nio-8080-exec-1] TRACE org.hibernate.orm.jdbc.bind - binding parameter [1] as [TIMESTAMP] - [2000-03-03 09:00:00.0]
2023-09-27 20:04:56.670 [http-nio-8080-exec-1] TRACE org.hibernate.orm.jdbc.bind - binding parameter [2] as [CHAR] - [W]
2023-09-27 20:04:56.670 [http-nio-8080-exec-1] TRACE org.hibernate.orm.jdbc.bind - binding parameter [3] as [VARCHAR] - [.\src\main\resources\static\images\no_image.png]
2023-09-27 20:04:56.671 [http-nio-8080-exec-1] TRACE org.hibernate.orm.jdbc.bind - binding parameter [4] as [VARCHAR] - [테스트2]
2023-09-27 20:04:56.671 [http-nio-8080-exec-1] TRACE org.hibernate.orm.jdbc.bind - binding parameter [5] as [VARCHAR] - [zxcv]
2023-09-27 20:04:56.671 [http-nio-8080-exec-1] TRACE org.hibernate.orm.jdbc.bind - binding parameter [6] as [VARCHAR] - [$2a$10$B82HuWNjmYx.qRK92sXSD.a6XK7M298rFrW6j4U7vwBe1NT6okRPa]
2023-09-27 20:04:56.671 [http-nio-8080-exec-1] TRACE org.hibernate.orm.jdbc.bind - binding parameter [7] as [VARCHAR] - [bc2f1a37a-fa11-416b-81c9-6dc83df27c7d]
2023-09-27 20:04:56.671 [http-nio-8080-exec-1] TRACE org.hibernate.orm.jdbc.bind - binding parameter [8] as [VARCHAR] - [zxcv]
2023-09-27 20:05:51.496 [restartedMain] DEBUG org.hibernate.SQL - 
    [34malter[0m [34mtable[0m [34muser[0m 
       modify [34mcolumn[0m birth  [34mDATE[0m
2023-09-27 20:05:53.625 [restartedMain] DEBUG org.hibernate.SQL - 
    [34malter[0m [34mtable[0m [34muser[0m 
       modify [34mcolumn[0m birth  [34mDATE[0m
2023-09-27 20:05:55.678 [http-nio-8080-exec-4] DEBUG org.hibernate.SQL - 
    [34mselect[0m
        u1_0.id,
        u1_0.birth,
        u1_0.gender,
        u1_0.image,
        u1_0.name,
        u1_0.nickname,
        u1_0.password,
        u1_0.uuid 
    [34mfrom[0m
        [34muser[0m u1_0 
    [34mwhere[0m
        u1_0.id=?
2023-09-27 20:05:55.678 [http-nio-8080-exec-4] TRACE org.hibernate.orm.jdbc.bind - binding parameter [1] as [VARCHAR] - [zxcv]
2023-09-27 20:05:55.682 [http-nio-8080-exec-4] DEBUG org.hibernate.SQL - 
    [34mselect[0m
        u1_0.id,
        u1_0.birth,
        u1_0.gender,
        u1_0.image,
        u1_0.name,
        u1_0.nickname,
        u1_0.password,
        u1_0.uuid 
    [34mfrom[0m
        [34muser[0m u1_0 
    [34mwhere[0m
        u1_0.id=?
2023-09-27 20:05:55.682 [http-nio-8080-exec-4] TRACE org.hibernate.orm.jdbc.bind - binding parameter [1] as [VARCHAR] - [zxcv]
2023-09-27 20:05:55.684 [http-nio-8080-exec-4] DEBUG org.hibernate.SQL - 
    [34minsert[0m 
    [34minto[0m
        [34muser[0m
        (birth,gender,image,name,nickname,password,uuid,id) 
    [34mvalues[0m
        (?,?,?,?,?,?,?,?)
2023-09-27 20:05:55.685 [http-nio-8080-exec-4] TRACE org.hibernate.orm.jdbc.bind - binding parameter [1] as [TIMESTAMP] - [2000-03-03 09:00:00.0]
2023-09-27 20:05:55.685 [http-nio-8080-exec-4] TRACE org.hibernate.orm.jdbc.bind - binding parameter [2] as [CHAR] - [W]
2023-09-27 20:05:55.685 [http-nio-8080-exec-4] TRACE org.hibernate.orm.jdbc.bind - binding parameter [3] as [VARCHAR] - [.\src\main\resources\static\images\no_image.png]
2023-09-27 20:05:55.685 [http-nio-8080-exec-4] TRACE org.hibernate.orm.jdbc.bind - binding parameter [4] as [VARCHAR] - [테스트2]
2023-09-27 20:05:55.685 [http-nio-8080-exec-4] TRACE org.hibernate.orm.jdbc.bind - binding parameter [5] as [VARCHAR] - [zxcv]
2023-09-27 20:05:55.685 [http-nio-8080-exec-4] TRACE org.hibernate.orm.jdbc.bind - binding parameter [6] as [VARCHAR] - [$2a$10$yWStTHM0Ni7t1jNDiHaKNeZXGIQ65Iqb8dmXesSkBmYqboxzKSEEi]
2023-09-27 20:05:55.685 [http-nio-8080-exec-4] TRACE org.hibernate.orm.jdbc.bind - binding parameter [7] as [VARCHAR] - [bc2542892-6f63-43fc-be84-f8faa450b7e6]
2023-09-27 20:05:55.685 [http-nio-8080-exec-4] TRACE org.hibernate.orm.jdbc.bind - binding parameter [8] as [VARCHAR] - [zxcv]
2023-09-27 20:06:34.871 [restartedMain] DEBUG org.hibernate.SQL - 
    [34malter[0m [34mtable[0m [34muser[0m 
       modify [34mcolumn[0m birth  [34mDATE[0m
2023-09-27 20:06:57.245 [http-nio-8080-exec-2] DEBUG org.hibernate.SQL - 
    [34mselect[0m
        u1_0.id,
        u1_0.birth,
        u1_0.gender,
        u1_0.image,
        u1_0.name,
        u1_0.nickname,
        u1_0.password,
        u1_0.uuid 
    [34mfrom[0m
        [34muser[0m u1_0 
    [34mwhere[0m
        u1_0.id=?
2023-09-27 20:06:57.249 [http-nio-8080-exec-2] TRACE org.hibernate.orm.jdbc.bind - binding parameter [1] as [VARCHAR] - [asdf]
2023-09-27 20:06:57.259 [http-nio-8080-exec-2] DEBUG org.hibernate.SQL - 
    [34mselect[0m
        u1_0.id,
        u1_0.birth,
        u1_0.gender,
        u1_0.image,
        u1_0.name,
        u1_0.nickname,
        u1_0.password,
        u1_0.uuid 
    [34mfrom[0m
        [34muser[0m u1_0 
    [34mwhere[0m
        u1_0.id=?
2023-09-27 20:06:57.260 [http-nio-8080-exec-2] TRACE org.hibernate.orm.jdbc.bind - binding parameter [1] as [VARCHAR] - [asdf]
2023-09-27 20:06:57.306 [http-nio-8080-exec-2] DEBUG org.hibernate.SQL - 
    [34minsert[0m 
    [34minto[0m
        [34muser[0m
        (birth,gender,image,name,nickname,password,uuid,id) 
    [34mvalues[0m
        (?,?,?,?,?,?,?,?)
2023-09-27 20:06:57.309 [http-nio-8080-exec-2] TRACE org.hibernate.orm.jdbc.bind - binding parameter [1] as [TIMESTAMP] - [2010-02-01 09:00:00.0]
2023-09-27 20:06:57.309 [http-nio-8080-exec-2] TRACE org.hibernate.orm.jdbc.bind - binding parameter [2] as [CHAR] - [M]
2023-09-27 20:06:57.309 [http-nio-8080-exec-2] TRACE org.hibernate.orm.jdbc.bind - binding parameter [3] as [VARCHAR] - [.\src\main\resources\static\images\no_image.png]
2023-09-27 20:06:57.309 [http-nio-8080-exec-2] TRACE org.hibernate.orm.jdbc.bind - binding parameter [4] as [VARCHAR] - [asdf]
2023-09-27 20:06:57.310 [http-nio-8080-exec-2] TRACE org.hibernate.orm.jdbc.bind - binding parameter [5] as [VARCHAR] - [asdf]
2023-09-27 20:06:57.310 [http-nio-8080-exec-2] TRACE org.hibernate.orm.jdbc.bind - binding parameter [6] as [VARCHAR] - [$2a$10$/ahftDc1LB1ulxXl/ZW.0OC9Fd75O7ChDhDhqLiizJwz5efGMIQ7i]
2023-09-27 20:06:57.310 [http-nio-8080-exec-2] TRACE org.hibernate.orm.jdbc.bind - binding parameter [7] as [VARCHAR] - [bc2593e8f-242b-482d-9341-e734bed41f18]
2023-09-27 20:06:57.310 [http-nio-8080-exec-2] TRACE org.hibernate.orm.jdbc.bind - binding parameter [8] as [VARCHAR] - [asdf]
2023-09-27 21:05:30.665 [restartedMain] DEBUG org.hibernate.SQL - 
    [34malter[0m [34mtable[0m [34muser[0m 
       modify [34mcolumn[0m birth  [34mDATE[0m
2023-09-27 21:37:40.621 [restartedMain] DEBUG org.hibernate.SQL - 
    [34malter[0m [34mtable[0m [34muser[0m 
       modify [34mcolumn[0m birth  [34mDATE[0m
2023-09-27 21:38:15.733 [http-nio-8080-exec-2] DEBUG org.hibernate.SQL - 
    [34mselect[0m
        u1_0.id,
        u1_0.birth,
        u1_0.gender,
        u1_0.image,
        u1_0.name,
        u1_0.nickname,
        u1_0.password,
        u1_0.uuid 
    [34mfrom[0m
        [34muser[0m u1_0 
    [34mwhere[0m
        u1_0.id=?
2023-09-27 21:38:15.736 [http-nio-8080-exec-2] TRACE org.hibernate.orm.jdbc.bind - binding parameter [1] as [VARCHAR] - [asdf]
2023-09-27 21:38:15.750 [http-nio-8080-exec-2] DEBUG org.hibernate.SQL - 
    [34mselect[0m
        u1_0.id,
        u1_0.birth,
        u1_0.gender,
        u1_0.image,
        u1_0.name,
        u1_0.nickname,
        u1_0.password,
        u1_0.uuid 
    [34mfrom[0m
        [34muser[0m u1_0 
    [34mwhere[0m
        u1_0.id=?
2023-09-27 21:38:15.750 [http-nio-8080-exec-2] TRACE org.hibernate.orm.jdbc.bind - binding parameter [1] as [VARCHAR] - [asdf]
2023-09-27 21:38:15.801 [http-nio-8080-exec-2] DEBUG org.hibernate.SQL - 
    [34minsert[0m 
    [34minto[0m
        [34muser[0m
        (birth,gender,image,name,nickname,password,uuid,id) 
    [34mvalues[0m
        (?,?,?,?,?,?,?,?)
2023-09-27 21:38:15.802 [http-nio-8080-exec-2] TRACE org.hibernate.orm.jdbc.bind - binding parameter [1] as [TIMESTAMP] - [2010-02-01 09:00:00.0]
2023-09-27 21:38:15.802 [http-nio-8080-exec-2] TRACE org.hibernate.orm.jdbc.bind - binding parameter [2] as [CHAR] - [M]
2023-09-27 21:38:15.802 [http-nio-8080-exec-2] TRACE org.hibernate.orm.jdbc.bind - binding parameter [3] as [VARCHAR] - [.\src\main\resources\static\images\no_image.png]
2023-09-27 21:38:15.803 [http-nio-8080-exec-2] TRACE org.hibernate.orm.jdbc.bind - binding parameter [4] as [VARCHAR] - [asdf]
2023-09-27 21:38:15.803 [http-nio-8080-exec-2] TRACE org.hibernate.orm.jdbc.bind - binding parameter [5] as [VARCHAR] - [asdf]
2023-09-27 21:38:15.803 [http-nio-8080-exec-2] TRACE org.hibernate.orm.jdbc.bind - binding parameter [6] as [VARCHAR] - [$2a$10$TkG0uA4PuHfDIwYWqaGPCutGY3WwT8IFk178yVAHxmZ9v/sWkAaRe]
2023-09-27 21:38:15.803 [http-nio-8080-exec-2] TRACE org.hibernate.orm.jdbc.bind - binding parameter [7] as [VARCHAR] - [bc2777894-a765-4566-887d-fc51127089ee]
2023-09-27 21:38:15.803 [http-nio-8080-exec-2] TRACE org.hibernate.orm.jdbc.bind - binding parameter [8] as [VARCHAR] - [asdf]
2023-09-27 21:38:35.738 [restartedMain] DEBUG org.hibernate.SQL - 
    [34malter[0m [34mtable[0m [34muser[0m 
       modify [34mcolumn[0m birth  [34mDATE[0m
2023-09-27 21:38:37.779 [restartedMain] DEBUG org.hibernate.SQL - 
    [34malter[0m [34mtable[0m [34muser[0m 
       modify [34mcolumn[0m birth  [34mDATE[0m
2023-09-27 21:38:46.066 [http-nio-8080-exec-2] DEBUG org.hibernate.SQL - 
    [34mselect[0m
        u1_0.id,
        u1_0.birth,
        u1_0.gender,
        u1_0.image,
        u1_0.name,
        u1_0.nickname,
        u1_0.password,
        u1_0.uuid 
    [34mfrom[0m
        [34muser[0m u1_0 
    [34mwhere[0m
        u1_0.id=?
2023-09-27 21:38:46.066 [http-nio-8080-exec-2] TRACE org.hibernate.orm.jdbc.bind - binding parameter [1] as [VARCHAR] - [asdf]
2023-09-27 21:38:46.069 [http-nio-8080-exec-2] DEBUG org.hibernate.SQL - 
    [34mselect[0m
        u1_0.id,
        u1_0.birth,
        u1_0.gender,
        u1_0.image,
        u1_0.name,
        u1_0.nickname,
        u1_0.password,
        u1_0.uuid 
    [34mfrom[0m
        [34muser[0m u1_0 
    [34mwhere[0m
        u1_0.id=?
2023-09-27 21:38:46.070 [http-nio-8080-exec-2] TRACE org.hibernate.orm.jdbc.bind - binding parameter [1] as [VARCHAR] - [asdf]
2023-09-27 21:38:46.072 [http-nio-8080-exec-2] DEBUG org.hibernate.SQL - 
    [34minsert[0m 
    [34minto[0m
        [34muser[0m
        (birth,gender,image,name,nickname,password,uuid,id) 
    [34mvalues[0m
        (?,?,?,?,?,?,?,?)
2023-09-27 21:38:46.072 [http-nio-8080-exec-2] TRACE org.hibernate.orm.jdbc.bind - binding parameter [1] as [TIMESTAMP] - [2010-02-01 09:00:00.0]
2023-09-27 21:38:46.072 [http-nio-8080-exec-2] TRACE org.hibernate.orm.jdbc.bind - binding parameter [2] as [CHAR] - [M]
2023-09-27 21:38:46.072 [http-nio-8080-exec-2] TRACE org.hibernate.orm.jdbc.bind - binding parameter [3] as [VARCHAR] - [.\src\main\resources\static\images\no_image.png]
2023-09-27 21:38:46.072 [http-nio-8080-exec-2] TRACE org.hibernate.orm.jdbc.bind - binding parameter [4] as [VARCHAR] - [asdf]
2023-09-27 21:38:46.072 [http-nio-8080-exec-2] TRACE org.hibernate.orm.jdbc.bind - binding parameter [5] as [VARCHAR] - [asdf]
2023-09-27 21:38:46.072 [http-nio-8080-exec-2] TRACE org.hibernate.orm.jdbc.bind - binding parameter [6] as [VARCHAR] - [$2a$10$BJKneyvlbiM4rL2oxxP0B.ruFKdzg/pJhOkvxiR3l.uzp.nGiG.Zi]
2023-09-27 21:38:46.072 [http-nio-8080-exec-2] TRACE org.hibernate.orm.jdbc.bind - binding parameter [7] as [VARCHAR] - [bbc2a8f8a0-3ee8-48db-a981-8579b67ecbb3]
2023-09-27 21:38:46.072 [http-nio-8080-exec-2] TRACE org.hibernate.orm.jdbc.bind - binding parameter [8] as [VARCHAR] - [asdf]
2023-09-27 21:39:49.295 [restartedMain] DEBUG org.hibernate.SQL - 
    [34malter[0m [34mtable[0m [34muser[0m 
       modify [34mcolumn[0m birth  [34mDATE[0m
2023-09-27 21:39:51.302 [restartedMain] DEBUG org.hibernate.SQL - 
    [34malter[0m [34mtable[0m [34muser[0m 
       modify [34mcolumn[0m birth  [34mDATE[0m
2023-09-27 21:41:07.255 [restartedMain] DEBUG org.hibernate.SQL - 
    [34malter[0m [34mtable[0m [34muser[0m 
       modify [34mcolumn[0m birth  [34mDATE[0m
2023-09-27 21:41:09.307 [restartedMain] DEBUG org.hibernate.SQL - 
    [34malter[0m [34mtable[0m [34muser[0m 
       modify [34mcolumn[0m birth  [34mDATE[0m
2023-09-27 21:41:21.978 [http-nio-8080-exec-3] DEBUG org.hibernate.SQL - 
    [34mselect[0m
        u1_0.id,
        u1_0.birth,
        u1_0.gender,
        u1_0.image,
        u1_0.name,
        u1_0.nickname,
        u1_0.password,
        u1_0.uuid 
    [34mfrom[0m
        [34muser[0m u1_0 
    [34mwhere[0m
        u1_0.id=?
2023-09-27 21:41:21.978 [http-nio-8080-exec-3] TRACE org.hibernate.orm.jdbc.bind - binding parameter [1] as [VARCHAR] - [asdf]
2023-09-27 21:41:21.982 [http-nio-8080-exec-3] DEBUG org.hibernate.SQL - 
    [34mselect[0m
        u1_0.id,
        u1_0.birth,
        u1_0.gender,
        u1_0.image,
        u1_0.name,
        u1_0.nickname,
        u1_0.password,
        u1_0.uuid 
    [34mfrom[0m
        [34muser[0m u1_0 
    [34mwhere[0m
        u1_0.id=?
2023-09-27 21:41:21.983 [http-nio-8080-exec-3] TRACE org.hibernate.orm.jdbc.bind - binding parameter [1] as [VARCHAR] - [asdf]
2023-09-27 21:41:21.984 [http-nio-8080-exec-3] DEBUG org.hibernate.SQL - 
    [34minsert[0m 
    [34minto[0m
        [34muser[0m
        (birth,gender,image,name,nickname,password,uuid,id) 
    [34mvalues[0m
        (?,?,?,?,?,?,?,?)
2023-09-27 21:41:21.985 [http-nio-8080-exec-3] TRACE org.hibernate.orm.jdbc.bind - binding parameter [1] as [TIMESTAMP] - [2010-02-01 09:00:00.0]
2023-09-27 21:41:21.985 [http-nio-8080-exec-3] TRACE org.hibernate.orm.jdbc.bind - binding parameter [2] as [CHAR] - [M]
2023-09-27 21:41:21.985 [http-nio-8080-exec-3] TRACE org.hibernate.orm.jdbc.bind - binding parameter [3] as [VARCHAR] - [.\src\main\resources\static\images\no_image.png]
2023-09-27 21:41:21.985 [http-nio-8080-exec-3] TRACE org.hibernate.orm.jdbc.bind - binding parameter [4] as [VARCHAR] - [asdf]
2023-09-27 21:41:21.985 [http-nio-8080-exec-3] TRACE org.hibernate.orm.jdbc.bind - binding parameter [5] as [VARCHAR] - [asdf]
2023-09-27 21:41:21.985 [http-nio-8080-exec-3] TRACE org.hibernate.orm.jdbc.bind - binding parameter [6] as [VARCHAR] - [$2a$10$IO1pyBJYqxkBFYtGBveqUOeP6Bu5lisB8oZzCIkVWmyVJd3lAd/QW]
2023-09-27 21:41:21.985 [http-nio-8080-exec-3] TRACE org.hibernate.orm.jdbc.bind - binding parameter [7] as [VARCHAR] - [bc24d277-b35e-4e8e-a8bc-27306f5d7eb3]
2023-09-27 21:41:21.985 [http-nio-8080-exec-3] TRACE org.hibernate.orm.jdbc.bind - binding parameter [8] as [VARCHAR] - [asdf]
2023-09-27 21:42:39.205 [restartedMain] DEBUG org.hibernate.SQL - 
    [34malter[0m [34mtable[0m [34muser[0m 
       modify [34mcolumn[0m birth  [34mDATE[0m
2023-09-27 21:42:41.056 [restartedMain] DEBUG org.hibernate.SQL - 
    [34malter[0m [34mtable[0m [34muser[0m 
       modify [34mcolumn[0m birth  [34mDATE[0m
2023-09-27 21:42:45.422 [http-nio-8080-exec-2] DEBUG org.hibernate.SQL - 
    [34mselect[0m
        u1_0.id,
        u1_0.birth,
        u1_0.gender,
        u1_0.image,
        u1_0.name,
        u1_0.nickname,
        u1_0.password,
        u1_0.uuid 
    [34mfrom[0m
        [34muser[0m u1_0 
    [34mwhere[0m
        u1_0.id=?
2023-09-27 21:42:45.422 [http-nio-8080-exec-2] TRACE org.hibernate.orm.jdbc.bind - binding parameter [1] as [VARCHAR] - [zxcv]
2023-09-27 21:42:45.425 [http-nio-8080-exec-2] DEBUG org.hibernate.SQL - 
    [34mselect[0m
        u1_0.id,
        u1_0.birth,
        u1_0.gender,
        u1_0.image,
        u1_0.name,
        u1_0.nickname,
        u1_0.password,
        u1_0.uuid 
    [34mfrom[0m
        [34muser[0m u1_0 
    [34mwhere[0m
        u1_0.id=?
2023-09-27 21:42:45.425 [http-nio-8080-exec-2] TRACE org.hibernate.orm.jdbc.bind - binding parameter [1] as [VARCHAR] - [zxcv]
2023-09-27 21:42:45.427 [http-nio-8080-exec-2] DEBUG org.hibernate.SQL - 
    [34minsert[0m 
    [34minto[0m
        [34muser[0m
        (birth,gender,image,name,nickname,password,uuid,id) 
    [34mvalues[0m
        (?,?,?,?,?,?,?,?)
2023-09-27 21:42:45.428 [http-nio-8080-exec-2] TRACE org.hibernate.orm.jdbc.bind - binding parameter [1] as [TIMESTAMP] - [2000-03-03 09:00:00.0]
2023-09-27 21:42:45.428 [http-nio-8080-exec-2] TRACE org.hibernate.orm.jdbc.bind - binding parameter [2] as [CHAR] - [W]
2023-09-27 21:42:45.428 [http-nio-8080-exec-2] TRACE org.hibernate.orm.jdbc.bind - binding parameter [3] as [VARCHAR] - [no_image.png]
2023-09-27 21:42:45.428 [http-nio-8080-exec-2] TRACE org.hibernate.orm.jdbc.bind - binding parameter [4] as [VARCHAR] - [zxcv]
2023-09-27 21:42:45.428 [http-nio-8080-exec-2] TRACE org.hibernate.orm.jdbc.bind - binding parameter [5] as [VARCHAR] - [zxcv]
2023-09-27 21:42:45.428 [http-nio-8080-exec-2] TRACE org.hibernate.orm.jdbc.bind - binding parameter [6] as [VARCHAR] - [$2a$10$2euipElPTSCXalLuR1OMnOTTFJjxrpd4uI4CTeWE7rjyDWyWmzKF2]
2023-09-27 21:42:45.428 [http-nio-8080-exec-2] TRACE org.hibernate.orm.jdbc.bind - binding parameter [7] as [VARCHAR] - [bc2e5d46-f59f-4063-ab94-76058d4232e7]
2023-09-27 21:42:45.428 [http-nio-8080-exec-2] TRACE org.hibernate.orm.jdbc.bind - binding parameter [8] as [VARCHAR] - [zxcv]
2023-09-27 21:43:26.333 [http-nio-8080-exec-3] DEBUG org.hibernate.SQL - 
    [34mselect[0m
        u1_0.id,
        u1_0.birth,
        u1_0.gender,
        u1_0.image,
        u1_0.name,
        u1_0.nickname,
        u1_0.password,
        u1_0.uuid 
    [34mfrom[0m
        [34muser[0m u1_0 
    [34mwhere[0m
        u1_0.id=?
2023-09-27 21:43:26.333 [http-nio-8080-exec-3] TRACE org.hibernate.orm.jdbc.bind - binding parameter [1] as [VARCHAR] - [test]
2023-09-27 21:43:26.344 [http-nio-8080-exec-3] DEBUG org.hibernate.SQL - 
    [34mupdate[0m
        [34muser[0m 
    [34mset[0m
        birth=?,
        gender=?,
        image=?,
        name=?,
        nickname=?,
        password=?,
        uuid=? 
    [34mwhere[0m
        id=?
2023-09-27 21:43:26.345 [http-nio-8080-exec-3] TRACE org.hibernate.orm.jdbc.bind - binding parameter [1] as [TIMESTAMP] - [2002-02-02 00:00:00.0]
2023-09-27 21:43:26.345 [http-nio-8080-exec-3] TRACE org.hibernate.orm.jdbc.bind - binding parameter [2] as [CHAR] - [M]
2023-09-27 21:43:26.345 [http-nio-8080-exec-3] TRACE org.hibernate.orm.jdbc.bind - binding parameter [3] as [VARCHAR] - [test.png]
2023-09-27 21:43:26.345 [http-nio-8080-exec-3] TRACE org.hibernate.orm.jdbc.bind - binding parameter [4] as [VARCHAR] - [테스트]
2023-09-27 21:43:26.345 [http-nio-8080-exec-3] TRACE org.hibernate.orm.jdbc.bind - binding parameter [5] as [VARCHAR] - [test]
2023-09-27 21:43:26.345 [http-nio-8080-exec-3] TRACE org.hibernate.orm.jdbc.bind - binding parameter [6] as [VARCHAR] - [$2a$10$xRxwrxdGCFYhfvYldgQfKOZnkPBlKTUxRmXdCAtWlBISiLYi2jDly]
2023-09-27 21:43:26.345 [http-nio-8080-exec-3] TRACE org.hibernate.orm.jdbc.bind - binding parameter [7] as [VARCHAR] - [testtest-test-test-test-testtesttest]
2023-09-27 21:43:26.345 [http-nio-8080-exec-3] TRACE org.hibernate.orm.jdbc.bind - binding parameter [8] as [VARCHAR] - [test]
2023-09-27 22:00:28.447 [restartedMain] DEBUG org.hibernate.SQL - 
    [34malter[0m [34mtable[0m [34muser[0m 
       modify [34mcolumn[0m birth  [34mDATE[0m
2023-09-27 22:00:32.456 [http-nio-8080-exec-2] DEBUG org.hibernate.SQL - 
    [34mselect[0m
        u1_0.id,
        u1_0.birth,
        u1_0.gender,
        u1_0.image,
        u1_0.name,
        u1_0.nickname,
        u1_0.password,
        u1_0.uuid 
    [34mfrom[0m
        [34muser[0m u1_0 
    [34mwhere[0m
        u1_0.id=?
2023-09-27 22:00:32.458 [http-nio-8080-exec-2] TRACE org.hibernate.orm.jdbc.bind - binding parameter [1] as [VARCHAR] - [test]
2023-09-27 22:01:03.482 [restartedMain] DEBUG org.hibernate.SQL - 
    [34malter[0m [34mtable[0m [34muser[0m 
       modify [34mcolumn[0m birth  [34mDATE[0m
2023-09-27 22:01:05.674 [restartedMain] DEBUG org.hibernate.SQL - 
    [34malter[0m [34mtable[0m [34muser[0m 
       modify [34mcolumn[0m birth  [34mDATE[0m
2023-09-27 22:01:09.081 [http-nio-8080-exec-2] DEBUG org.hibernate.SQL - 
    [34mselect[0m
        u1_0.id,
        u1_0.birth,
        u1_0.gender,
        u1_0.image,
        u1_0.name,
        u1_0.nickname,
        u1_0.password,
        u1_0.uuid 
    [34mfrom[0m
        [34muser[0m u1_0 
    [34mwhere[0m
        u1_0.id=?
2023-09-27 22:01:09.081 [http-nio-8080-exec-2] TRACE org.hibernate.orm.jdbc.bind - binding parameter [1] as [VARCHAR] - [test]
2023-09-27 22:01:09.118 [http-nio-8080-exec-2] DEBUG org.hibernate.SQL - 
    [34mupdate[0m
        [34muser[0m 
    [34mset[0m
        birth=?,
        gender=?,
        image=?,
        name=?,
        nickname=?,
        password=?,
        uuid=? 
    [34mwhere[0m
        id=?
2023-09-27 22:01:09.120 [http-nio-8080-exec-2] TRACE org.hibernate.orm.jdbc.bind - binding parameter [1] as [TIMESTAMP] - [2002-02-02 00:00:00.0]
2023-09-27 22:01:09.120 [http-nio-8080-exec-2] TRACE org.hibernate.orm.jdbc.bind - binding parameter [2] as [CHAR] - [M]
2023-09-27 22:01:09.120 [http-nio-8080-exec-2] TRACE org.hibernate.orm.jdbc.bind - binding parameter [3] as [VARCHAR] - [test.jpg]
2023-09-27 22:01:09.120 [http-nio-8080-exec-2] TRACE org.hibernate.orm.jdbc.bind - binding parameter [4] as [VARCHAR] - [테스트]
2023-09-27 22:01:09.120 [http-nio-8080-exec-2] TRACE org.hibernate.orm.jdbc.bind - binding parameter [5] as [VARCHAR] - [test]
2023-09-27 22:01:09.120 [http-nio-8080-exec-2] TRACE org.hibernate.orm.jdbc.bind - binding parameter [6] as [VARCHAR] - [$2a$10$xRxwrxdGCFYhfvYldgQfKOZnkPBlKTUxRmXdCAtWlBISiLYi2jDly]
2023-09-27 22:01:09.120 [http-nio-8080-exec-2] TRACE org.hibernate.orm.jdbc.bind - binding parameter [7] as [VARCHAR] - [testtest-test-test-test-testtesttest]
2023-09-27 22:01:09.120 [http-nio-8080-exec-2] TRACE org.hibernate.orm.jdbc.bind - binding parameter [8] as [VARCHAR] - [test]
