2023-10-04 14:48:15.650 [restartedMain] DEBUG org.hibernate.SQL - 
    [34malter[0m [34mtable[0m [34muser[0m 
       modify [34mcolumn[0m birth  [34mDATE[0m
2023-10-04 14:48:15.666 [restartedMain] DEBUG org.hibernate.SQL - 
    [34malter[0m [34mtable[0m [34muser[0m 
       modify [34mcolumn[0m image  [34mvarchar[0m(255)
2023-10-04 14:48:42.680 [restartedMain] DEBUG org.hibernate.SQL - 
    [34malter[0m [34mtable[0m [34muser[0m 
       modify [34mcolumn[0m birth  [34mDATE[0m
2023-10-04 14:48:42.697 [restartedMain] DEBUG org.hibernate.SQL - 
    [34malter[0m [34mtable[0m [34muser[0m 
       modify [34mcolumn[0m image  [34mvarchar[0m(30)
2023-10-04 14:48:58.093 [restartedMain] DEBUG org.hibernate.SQL - 
    [34malter[0m [34mtable[0m [34muser[0m 
       modify [34mcolumn[0m birth  [34mDATE[0m
2023-10-04 14:49:01.316 [http-nio-8080-exec-2] DEBUG org.hibernate.SQL - 
    [34mselect[0m
        u1_0.id,
        u1_0.nickname,
        u1_0.uuid 
    [34mfrom[0m
        [34muser[0m u1_0 
    [34mwhere[0m
        u1_0.id=?
2023-10-04 14:49:01.321 [http-nio-8080-exec-2] TRACE org.hibernate.orm.jdbc.bind - binding parameter [1] as [VARCHAR] - [test]
2023-10-04 14:49:19.525 [restartedMain] DEBUG org.hibernate.SQL - 
    [34malter[0m [34mtable[0m [34muser[0m 
       modify [34mcolumn[0m birth  [34mDATE[0m
2023-10-04 14:49:21.892 [restartedMain] DEBUG org.hibernate.SQL - 
    [34malter[0m [34mtable[0m [34muser[0m 
       modify [34mcolumn[0m birth  [34mDATE[0m
2023-10-04 14:49:25.391 [http-nio-8080-exec-3] DEBUG org.hibernate.SQL - 
    [34mselect[0m
        u1_0.id,
        u1_0.nickname,
        u1_0.uuid,
        u1_0.image 
    [34mfrom[0m
        [34muser[0m u1_0 
    [34mwhere[0m
        u1_0.id=?
2023-10-04 14:49:25.392 [http-nio-8080-exec-3] TRACE org.hibernate.orm.jdbc.bind - binding parameter [1] as [VARCHAR] - [test]
2023-10-04 14:51:30.366 [http-nio-8080-exec-5] DEBUG org.hibernate.SQL - 
    [34mselect[0m
        u1_0.id,
        u1_0.birth,
        u1_0.gender,
        u1_0.image,
        u1_0.name,
        u1_0.nickname,
        u1_0.password,
        u1_0.uuid 
    [34mfrom[0m
        [34muser[0m u1_0 
    [34mwhere[0m
        u1_0.id=?
2023-10-04 14:51:30.367 [http-nio-8080-exec-5] TRACE org.hibernate.orm.jdbc.bind - binding parameter [1] as [VARCHAR] - [test]
2023-10-04 14:51:30.377 [http-nio-8080-exec-5] DEBUG org.hibernate.SQL - 
    [34mselect[0m
        u1_0.id,
        u1_0.birth,
        u1_0.gender,
        u1_0.image,
        u1_0.name,
        u1_0.nickname,
        u1_0.password,
        u1_0.uuid 
    [34mfrom[0m
        [34muser[0m u1_0 
    [34mwhere[0m
        u1_0.id=?
2023-10-04 14:51:30.377 [http-nio-8080-exec-5] TRACE org.hibernate.orm.jdbc.bind - binding parameter [1] as [VARCHAR] - [test]
2023-10-04 14:51:30.419 [http-nio-8080-exec-5] DEBUG org.hibernate.SQL - 
    [34minsert[0m 
    [34minto[0m
        [34muser[0m
        (birth,gender,image,name,nickname,password,uuid,id) 
    [34mvalues[0m
        (?,?,?,?,?,?,?,?)
2023-10-04 14:51:30.421 [http-nio-8080-exec-5] TRACE org.hibernate.orm.jdbc.bind - binding parameter [1] as [TIMESTAMP] - [2002-02-02 09:00:00.0]
2023-10-04 14:51:30.421 [http-nio-8080-exec-5] TRACE org.hibernate.orm.jdbc.bind - binding parameter [2] as [CHAR] - [M]
2023-10-04 14:51:30.421 [http-nio-8080-exec-5] TRACE org.hibernate.orm.jdbc.bind - binding parameter [3] as [VARCHAR] - [no_image.png]
2023-10-04 14:51:30.421 [http-nio-8080-exec-5] TRACE org.hibernate.orm.jdbc.bind - binding parameter [4] as [VARCHAR] - [테스트]
2023-10-04 14:51:30.421 [http-nio-8080-exec-5] TRACE org.hibernate.orm.jdbc.bind - binding parameter [5] as [VARCHAR] - [test]
2023-10-04 14:51:30.421 [http-nio-8080-exec-5] TRACE org.hibernate.orm.jdbc.bind - binding parameter [6] as [VARCHAR] - [$2a$10$TtYOdJUSR/W/OSzMkZiynuLXUQqKSXevsPK03nYsHj28VUMQOxdRy]
2023-10-04 14:51:30.421 [http-nio-8080-exec-5] TRACE org.hibernate.orm.jdbc.bind - binding parameter [7] as [VARCHAR] - [bc21688d-1378-4f10-b49f-ab4e5dbb7936]
2023-10-04 14:51:30.421 [http-nio-8080-exec-5] TRACE org.hibernate.orm.jdbc.bind - binding parameter [8] as [VARCHAR] - [test]
2023-10-04 14:51:57.803 [http-nio-8080-exec-6] DEBUG org.hibernate.SQL - 
    [34mselect[0m
        u1_0.id,
        u1_0.birth,
        u1_0.gender,
        u1_0.image,
        u1_0.name,
        u1_0.nickname,
        u1_0.password,
        u1_0.uuid 
    [34mfrom[0m
        [34muser[0m u1_0 
    [34mwhere[0m
        u1_0.id=?
2023-10-04 14:51:57.803 [http-nio-8080-exec-6] TRACE org.hibernate.orm.jdbc.bind - binding parameter [1] as [VARCHAR] - [test]
2023-10-04 14:51:57.814 [http-nio-8080-exec-6] DEBUG org.hibernate.SQL - 
    [34mupdate[0m
        [34muser[0m 
    [34mset[0m
        birth=?,
        gender=?,
        image=?,
        name=?,
        nickname=?,
        password=?,
        uuid=? 
    [34mwhere[0m
        id=?
2023-10-04 14:51:57.814 [http-nio-8080-exec-6] TRACE org.hibernate.orm.jdbc.bind - binding parameter [1] as [TIMESTAMP] - [2002-02-02 00:00:00.0]
2023-10-04 14:51:57.814 [http-nio-8080-exec-6] TRACE org.hibernate.orm.jdbc.bind - binding parameter [2] as [CHAR] - [M]
2023-10-04 14:51:57.814 [http-nio-8080-exec-6] TRACE org.hibernate.orm.jdbc.bind - binding parameter [3] as [VARCHAR] - [test.jpg]
2023-10-04 14:51:57.814 [http-nio-8080-exec-6] TRACE org.hibernate.orm.jdbc.bind - binding parameter [4] as [VARCHAR] - [테스트]
2023-10-04 14:51:57.815 [http-nio-8080-exec-6] TRACE org.hibernate.orm.jdbc.bind - binding parameter [5] as [VARCHAR] - [test]
2023-10-04 14:51:57.815 [http-nio-8080-exec-6] TRACE org.hibernate.orm.jdbc.bind - binding parameter [6] as [VARCHAR] - [$2a$10$TtYOdJUSR/W/OSzMkZiynuLXUQqKSXevsPK03nYsHj28VUMQOxdRy]
2023-10-04 14:51:57.815 [http-nio-8080-exec-6] TRACE org.hibernate.orm.jdbc.bind - binding parameter [7] as [VARCHAR] - [bc21688d-1378-4f10-b49f-ab4e5dbb7936]
2023-10-04 14:51:57.815 [http-nio-8080-exec-6] TRACE org.hibernate.orm.jdbc.bind - binding parameter [8] as [VARCHAR] - [test]
2023-10-04 19:40:14.834 [restartedMain] DEBUG org.hibernate.SQL - 
    [34malter[0m [34mtable[0m [34muser[0m 
       modify [34mcolumn[0m birth  [34mDATE[0m
2023-10-04 19:40:22.978 [http-nio-8080-exec-1] DEBUG org.hibernate.SQL - 
    [34mselect[0m
        u1_0.id,
        u1_0.birth,
        u1_0.gender,
        u1_0.image,
        u1_0.message,
        u1_0.name,
        u1_0.nickname,
        u1_0.password,
        u1_0.uuid 
    [34mfrom[0m
        [34muser[0m u1_0 
    [34mwhere[0m
        u1_0.id=?
2023-10-04 19:40:22.980 [http-nio-8080-exec-1] TRACE org.hibernate.orm.jdbc.bind - binding parameter [1] as [VARCHAR] - [test]
2023-10-04 19:40:53.215 [restartedMain] DEBUG org.hibernate.SQL - 
    [34malter[0m [34mtable[0m [34muser[0m 
       modify [34mcolumn[0m birth  [34mDATE[0m
2023-10-04 19:40:55.511 [restartedMain] DEBUG org.hibernate.SQL - 
    [34malter[0m [34mtable[0m [34muser[0m 
       modify [34mcolumn[0m birth  [34mDATE[0m
2023-10-04 19:41:01.204 [http-nio-8080-exec-2] DEBUG org.hibernate.SQL - 
    [34mselect[0m
        u1_0.id,
        u1_0.birth,
        u1_0.gender,
        u1_0.image,
        u1_0.message,
        u1_0.name,
        u1_0.nickname,
        u1_0.password,
        u1_0.uuid 
    [34mfrom[0m
        [34muser[0m u1_0 
    [34mwhere[0m
        u1_0.id=?
2023-10-04 19:41:01.204 [http-nio-8080-exec-2] TRACE org.hibernate.orm.jdbc.bind - binding parameter [1] as [VARCHAR] - [test]
2023-10-04 19:41:15.154 [restartedMain] DEBUG org.hibernate.SQL - 
    [34malter[0m [34mtable[0m [34muser[0m 
       modify [34mcolumn[0m birth  [34mDATE[0m
2023-10-04 19:41:17.250 [restartedMain] DEBUG org.hibernate.SQL - 
    [34malter[0m [34mtable[0m [34muser[0m 
       modify [34mcolumn[0m birth  [34mDATE[0m
2023-10-04 19:41:19.234 [http-nio-8080-exec-2] DEBUG org.hibernate.SQL - 
    [34mselect[0m
        u1_0.id,
        u1_0.birth,
        u1_0.gender,
        u1_0.image,
        u1_0.message,
        u1_0.name,
        u1_0.nickname,
        u1_0.password,
        u1_0.uuid 
    [34mfrom[0m
        [34muser[0m u1_0 
    [34mwhere[0m
        u1_0.id=?
2023-10-04 19:41:19.234 [http-nio-8080-exec-2] TRACE org.hibernate.orm.jdbc.bind - binding parameter [1] as [VARCHAR] - [test]
2023-10-04 19:41:39.196 [http-nio-8080-exec-3] DEBUG org.hibernate.SQL - 
    [34mselect[0m
        u1_0.id,
        u1_0.birth,
        u1_0.gender,
        u1_0.image,
        u1_0.message,
        u1_0.name,
        u1_0.nickname,
        u1_0.password,
        u1_0.uuid 
    [34mfrom[0m
        [34muser[0m u1_0 
    [34mwhere[0m
        u1_0.id=?
2023-10-04 19:41:39.197 [http-nio-8080-exec-3] TRACE org.hibernate.orm.jdbc.bind - binding parameter [1] as [VARCHAR] - [test]
2023-10-04 19:41:41.846 [http-nio-8080-exec-4] DEBUG org.hibernate.SQL - 
    [34mselect[0m
        u1_0.id,
        u1_0.birth,
        u1_0.gender,
        u1_0.image,
        u1_0.message,
        u1_0.name,
        u1_0.nickname,
        u1_0.password,
        u1_0.uuid 
    [34mfrom[0m
        [34muser[0m u1_0 
    [34mwhere[0m
        u1_0.id=?
2023-10-04 19:41:41.846 [http-nio-8080-exec-4] TRACE org.hibernate.orm.jdbc.bind - binding parameter [1] as [VARCHAR] - [test]
2023-10-04 19:42:34.053 [restartedMain] DEBUG org.hibernate.SQL - 
    [34malter[0m [34mtable[0m [34muser[0m 
       modify [34mcolumn[0m birth  [34mDATE[0m
2023-10-04 19:42:36.369 [restartedMain] DEBUG org.hibernate.SQL - 
    [34malter[0m [34mtable[0m [34muser[0m 
       modify [34mcolumn[0m birth  [34mDATE[0m
2023-10-04 19:42:38.508 [http-nio-8080-exec-1] DEBUG org.hibernate.SQL - 
    [34mselect[0m
        u1_0.id,
        u1_0.birth,
        u1_0.gender,
        u1_0.image,
        u1_0.message,
        u1_0.name,
        u1_0.nickname,
        u1_0.password,
        u1_0.uuid 
    [34mfrom[0m
        [34muser[0m u1_0 
    [34mwhere[0m
        u1_0.id=?
2023-10-04 19:42:38.508 [http-nio-8080-exec-1] TRACE org.hibernate.orm.jdbc.bind - binding parameter [1] as [VARCHAR] - [test]
2023-10-04 19:42:48.699 [restartedMain] DEBUG org.hibernate.SQL - 
    [34malter[0m [34mtable[0m [34muser[0m 
       modify [34mcolumn[0m birth  [34mDATE[0m
2023-10-04 19:42:50.663 [restartedMain] DEBUG org.hibernate.SQL - 
    [34malter[0m [34mtable[0m [34muser[0m 
       modify [34mcolumn[0m birth  [34mDATE[0m
2023-10-04 19:42:51.065 [http-nio-8080-exec-3] DEBUG org.hibernate.SQL - 
    [34mselect[0m
        u1_0.id,
        u1_0.birth,
        u1_0.gender,
        u1_0.image,
        u1_0.message,
        u1_0.name,
        u1_0.nickname,
        u1_0.password,
        u1_0.uuid 
    [34mfrom[0m
        [34muser[0m u1_0 
    [34mwhere[0m
        u1_0.id=?
2023-10-04 19:42:51.065 [http-nio-8080-exec-3] TRACE org.hibernate.orm.jdbc.bind - binding parameter [1] as [VARCHAR] - [test]
2023-10-04 19:42:52.159 [http-nio-8080-exec-4] DEBUG org.hibernate.SQL - 
    [34mselect[0m
        u1_0.id,
        u1_0.birth,
        u1_0.gender,
        u1_0.image,
        u1_0.message,
        u1_0.name,
        u1_0.nickname,
        u1_0.password,
        u1_0.uuid 
    [34mfrom[0m
        [34muser[0m u1_0 
    [34mwhere[0m
        u1_0.id=?
2023-10-04 19:42:52.159 [http-nio-8080-exec-4] TRACE org.hibernate.orm.jdbc.bind - binding parameter [1] as [VARCHAR] - [test]
2023-10-04 20:02:36.309 [http-nio-8080-exec-7] DEBUG org.hibernate.SQL - 
    [34mselect[0m
        u1_0.id,
        u1_0.birth,
        u1_0.gender,
        u1_0.image,
        u1_0.message,
        u1_0.name,
        u1_0.nickname,
        u1_0.password,
        u1_0.uuid 
    [34mfrom[0m
        [34muser[0m u1_0 
    [34mwhere[0m
        u1_0.id=?
2023-10-04 20:02:36.309 [http-nio-8080-exec-7] TRACE org.hibernate.orm.jdbc.bind - binding parameter [1] as [VARCHAR] - [test]
2023-10-04 20:03:07.418 [restartedMain] DEBUG org.hibernate.SQL - 
    [34malter[0m [34mtable[0m [34muser[0m 
       modify [34mcolumn[0m birth  [34mDATE[0m
2023-10-04 20:03:09.389 [restartedMain] DEBUG org.hibernate.SQL - 
    [34malter[0m [34mtable[0m [34muser[0m 
       modify [34mcolumn[0m birth  [34mDATE[0m
2023-10-04 20:03:13.339 [http-nio-8080-exec-3] DEBUG org.hibernate.SQL - 
    [34mselect[0m
        u1_0.id,
        u1_0.birth,
        u1_0.gender,
        u1_0.image,
        u1_0.message,
        u1_0.name,
        u1_0.nickname,
        u1_0.password,
        u1_0.uuid 
    [34mfrom[0m
        [34muser[0m u1_0 
    [34mwhere[0m
        u1_0.id=?
2023-10-04 20:03:13.339 [http-nio-8080-exec-3] TRACE org.hibernate.orm.jdbc.bind - binding parameter [1] as [VARCHAR] - [test]
2023-10-04 20:03:22.347 [restartedMain] DEBUG org.hibernate.SQL - 
    [34malter[0m [34mtable[0m [34muser[0m 
       modify [34mcolumn[0m birth  [34mDATE[0m
2023-10-04 20:03:32.427 [http-nio-8080-exec-2] DEBUG org.hibernate.SQL - 
    [34mselect[0m
        u1_0.id,
        u1_0.birth,
        u1_0.gender,
        u1_0.image,
        u1_0.message,
        u1_0.name,
        u1_0.nickname,
        u1_0.password,
        u1_0.uuid 
    [34mfrom[0m
        [34muser[0m u1_0 
    [34mwhere[0m
        u1_0.id=?
2023-10-04 20:03:32.427 [http-nio-8080-exec-2] TRACE org.hibernate.orm.jdbc.bind - binding parameter [1] as [VARCHAR] - [test]
2023-10-04 20:03:43.022 [restartedMain] DEBUG org.hibernate.SQL - 
    [34malter[0m [34mtable[0m [34muser[0m 
       modify [34mcolumn[0m birth  [34mDATE[0m
2023-10-04 20:03:45.418 [restartedMain] DEBUG org.hibernate.SQL - 
    [34malter[0m [34mtable[0m [34muser[0m 
       modify [34mcolumn[0m birth  [34mDATE[0m
2023-10-04 20:03:48.059 [http-nio-8080-exec-2] DEBUG org.hibernate.SQL - 
    [34mselect[0m
        u1_0.id,
        u1_0.birth,
        u1_0.gender,
        u1_0.image,
        u1_0.message,
        u1_0.name,
        u1_0.nickname,
        u1_0.password,
        u1_0.uuid 
    [34mfrom[0m
        [34muser[0m u1_0 
    [34mwhere[0m
        u1_0.id=?
2023-10-04 20:03:48.059 [http-nio-8080-exec-2] TRACE org.hibernate.orm.jdbc.bind - binding parameter [1] as [VARCHAR] - [test]
2023-10-04 20:03:56.892 [restartedMain] DEBUG org.hibernate.SQL - 
    [34malter[0m [34mtable[0m [34muser[0m 
       modify [34mcolumn[0m birth  [34mDATE[0m
2023-10-04 20:03:58.895 [restartedMain] DEBUG org.hibernate.SQL - 
    [34malter[0m [34mtable[0m [34muser[0m 
       modify [34mcolumn[0m birth  [34mDATE[0m
2023-10-04 20:05:46.161 [restartedMain] DEBUG org.hibernate.SQL - 
    [34malter[0m [34mtable[0m [34muser[0m 
       modify [34mcolumn[0m birth  [34mDATE[0m
2023-10-04 20:05:48.183 [restartedMain] DEBUG org.hibernate.SQL - 
    [34malter[0m [34mtable[0m [34muser[0m 
       modify [34mcolumn[0m birth  [34mDATE[0m
2023-10-04 20:05:48.403 [http-nio-8080-exec-2] DEBUG org.hibernate.SQL - 
    [34mselect[0m
        u1_0.id,
        u1_0.birth,
        u1_0.gender,
        u1_0.image,
        u1_0.message,
        u1_0.name,
        u1_0.nickname,
        u1_0.password,
        u1_0.uuid 
    [34mfrom[0m
        [34muser[0m u1_0 
    [34mwhere[0m
        u1_0.id=?
2023-10-04 20:05:48.403 [http-nio-8080-exec-2] TRACE org.hibernate.orm.jdbc.bind - binding parameter [1] as [VARCHAR] - [test]
2023-10-04 20:05:49.534 [http-nio-8080-exec-3] DEBUG org.hibernate.SQL - 
    [34mselect[0m
        u1_0.id,
        u1_0.birth,
        u1_0.gender,
        u1_0.image,
        u1_0.message,
        u1_0.name,
        u1_0.nickname,
        u1_0.password,
        u1_0.uuid 
    [34mfrom[0m
        [34muser[0m u1_0 
    [34mwhere[0m
        u1_0.id=?
2023-10-04 20:05:49.535 [http-nio-8080-exec-3] TRACE org.hibernate.orm.jdbc.bind - binding parameter [1] as [VARCHAR] - [test]
2023-10-04 20:07:51.612 [restartedMain] DEBUG org.hibernate.SQL - 
    [34malter[0m [34mtable[0m [34muser[0m 
       modify [34mcolumn[0m birth  [34mDATE[0m
2023-10-04 20:08:48.578 [restartedMain] DEBUG org.hibernate.SQL - 
    [34malter[0m [34mtable[0m [34muser[0m 
       modify [34mcolumn[0m birth  [34mDATE[0m
2023-10-04 20:09:19.009 [restartedMain] DEBUG org.hibernate.SQL - 
    [34malter[0m [34mtable[0m [34muser[0m 
       modify [34mcolumn[0m birth  [34mDATE[0m
2023-10-04 20:09:27.512 [http-nio-8080-exec-6] DEBUG org.hibernate.SQL - 
    [34mselect[0m
        u1_0.id,
        u1_0.birth,
        u1_0.gender,
        u1_0.image,
        u1_0.message,
        u1_0.name,
        u1_0.nickname,
        u1_0.password,
        u1_0.uuid 
    [34mfrom[0m
        [34muser[0m u1_0 
    [34mwhere[0m
        u1_0.id=?
2023-10-04 20:09:27.512 [http-nio-8080-exec-6] TRACE org.hibernate.orm.jdbc.bind - binding parameter [1] as [VARCHAR] - [test]
2023-10-04 20:09:39.246 [restartedMain] DEBUG org.hibernate.SQL - 
    [34malter[0m [34mtable[0m [34muser[0m 
       modify [34mcolumn[0m birth  [34mDATE[0m
2023-10-04 20:09:41.405 [http-nio-8080-exec-2] DEBUG org.hibernate.SQL - 
    [34mselect[0m
        u1_0.id,
        u1_0.birth,
        u1_0.gender,
        u1_0.image,
        u1_0.message,
        u1_0.name,
        u1_0.nickname,
        u1_0.password,
        u1_0.uuid 
    [34mfrom[0m
        [34muser[0m u1_0 
    [34mwhere[0m
        u1_0.id=?
2023-10-04 20:09:41.405 [http-nio-8080-exec-2] TRACE org.hibernate.orm.jdbc.bind - binding parameter [1] as [VARCHAR] - [test]
2023-10-04 20:09:49.541 [restartedMain] DEBUG org.hibernate.SQL - 
    [34malter[0m [34mtable[0m [34muser[0m 
       modify [34mcolumn[0m birth  [34mDATE[0m
2023-10-04 20:09:52.389 [http-nio-8080-exec-8] DEBUG org.hibernate.SQL - 
    [34mselect[0m
        u1_0.id,
        u1_0.birth,
        u1_0.gender,
        u1_0.image,
        u1_0.message,
        u1_0.name,
        u1_0.nickname,
        u1_0.password,
        u1_0.uuid 
    [34mfrom[0m
        [34muser[0m u1_0 
    [34mwhere[0m
        u1_0.id=?
2023-10-04 20:09:52.390 [http-nio-8080-exec-8] TRACE org.hibernate.orm.jdbc.bind - binding parameter [1] as [VARCHAR] - [test]
