2023-09-30 11:40:13.387 [restartedMain] DEBUG org.hibernate.SQL - 
    [34malter[0m [34mtable[0m [34muser[0m 
       modify [34mcolumn[0m birth  [34mDATE[0m
2023-09-30 11:40:25.112 [http-nio-8080-exec-4] DEBUG org.hibernate.SQL - 
    [34mselect[0m
        u1_0.id,
        u1_0.birth,
        u1_0.gender,
        u1_0.image,
        u1_0.name,
        u1_0.nickname,
        u1_0.password,
        u1_0.uuid 
    [34mfrom[0m
        [34muser[0m u1_0 
    [34mwhere[0m
        u1_0.id=?
2023-09-30 11:40:25.119 [http-nio-8080-exec-4] TRACE org.hibernate.orm.jdbc.bind - binding parameter [1] as [VARCHAR] - [test]
2023-09-30 11:40:55.243 [http-nio-8080-exec-1] DEBUG org.hibernate.SQL - 
    [34mselect[0m
        u1_0.id,
        u1_0.birth,
        u1_0.gender,
        u1_0.image,
        u1_0.name,
        u1_0.nickname,
        u1_0.password,
        u1_0.uuid 
    [34mfrom[0m
        [34muser[0m u1_0 
    [34mwhere[0m
        u1_0.id=?
2023-09-30 11:40:55.243 [http-nio-8080-exec-1] TRACE org.hibernate.orm.jdbc.bind - binding parameter [1] as [VARCHAR] - [test]
