2023-09-25 18:31:15.534 [restartedMain] DEBUG org.hibernate.SQL - 
    [34malter[0m [34mtable[0m [34muser[0m 
       modify [34mcolumn[0m birth  [34mDATE[0m [34mDEFAULT[0m [34mCURRENT_DATE[0m
2023-09-25 18:31:43.025 [restartedMain] DEBUG org.hibernate.SQL - 
    [34malter[0m [34mtable[0m [34muser[0m 
       modify [34mcolumn[0m birth  [34mDATE[0m
2023-09-25 18:31:45.081 [restartedMain] DEBUG org.hibernate.SQL - 
    [34malter[0m [34mtable[0m [34muser[0m 
       modify [34mcolumn[0m birth  [34mDATE[0m
2023-09-25 18:32:14.657 [http-nio-8080-exec-1] DEBUG org.hibernate.SQL - 
    [34mselect[0m
        u1_0.id,
        u1_0.birth,
        u1_0.bluetooth,
        u1_0.gender,
        u1_0.name,
        u1_0.nickname,
        u1_0.password 
    [34mfrom[0m
        [34muser[0m u1_0 
    [34mwhere[0m
        u1_0.id=?
2023-09-25 18:32:14.659 [http-nio-8080-exec-1] TRACE org.hibernate.orm.jdbc.bind - binding parameter [1] as [VARCHAR] - [zxcv]
2023-09-25 18:32:14.670 [http-nio-8080-exec-1] DEBUG org.hibernate.SQL - 
    [34mselect[0m
        u1_0.id,
        u1_0.birth,
        u1_0.bluetooth,
        u1_0.gender,
        u1_0.name,
        u1_0.nickname,
        u1_0.password 
    [34mfrom[0m
        [34muser[0m u1_0 
    [34mwhere[0m
        u1_0.id=?
2023-09-25 18:32:14.671 [http-nio-8080-exec-1] TRACE org.hibernate.orm.jdbc.bind - binding parameter [1] as [VARCHAR] - [zxcv]
2023-09-25 18:32:14.707 [http-nio-8080-exec-1] DEBUG org.hibernate.SQL - 
    [34minsert[0m 
    [34minto[0m
        [34muser[0m
        (birth,bluetooth,gender,name,nickname,password,id) 
    [34mvalues[0m
        (?,?,?,?,?,?,?)
2023-09-25 18:32:14.708 [http-nio-8080-exec-1] TRACE org.hibernate.orm.jdbc.bind - binding parameter [1] as [TIMESTAMP] - [2000-03-03 09:00:00.0]
2023-09-25 18:32:14.708 [http-nio-8080-exec-1] TRACE org.hibernate.orm.jdbc.bind - binding parameter [2] as [VARCHAR] - [null]
2023-09-25 18:32:14.708 [http-nio-8080-exec-1] TRACE org.hibernate.orm.jdbc.bind - binding parameter [3] as [CHAR] - [W]
2023-09-25 18:32:14.708 [http-nio-8080-exec-1] TRACE org.hibernate.orm.jdbc.bind - binding parameter [4] as [VARCHAR] - [테스트2]
2023-09-25 18:32:14.708 [http-nio-8080-exec-1] TRACE org.hibernate.orm.jdbc.bind - binding parameter [5] as [VARCHAR] - [zxcv]
2023-09-25 18:32:14.708 [http-nio-8080-exec-1] TRACE org.hibernate.orm.jdbc.bind - binding parameter [6] as [VARCHAR] - [$2a$10$mXUctUuhjoBm6waTLaSW5ujR01jz80dk7hKBUbUpQv3PK6VpLguI.]
2023-09-25 18:32:14.708 [http-nio-8080-exec-1] TRACE org.hibernate.orm.jdbc.bind - binding parameter [7] as [VARCHAR] - [zxcv]
