2023-09-30 11:40:24.625 [http-nio-8080-exec-3] DEBUG o.a.coyote.http11.Http11InputBuffer - Before fill(): parsingHeader: [true], parsingRequestLine: [true], parsingRequestLinePhase: [0], parsingRequestLineStart: [0], byteBuffer.position(): [0], byteBuffer.limit(): [0], end: [0]
2023-09-30 11:40:24.625 [http-nio-8080-exec-4] DEBUG o.a.coyote.http11.Http11InputBuffer - Before fill(): parsingHeader: [true], parsingRequestLine: [true], parsingRequestLinePhase: [0], parsingRequestLineStart: [0], byteBuffer.position(): [0], byteBuffer.limit(): [0], end: [0]
2023-09-30 11:40:24.627 [http-nio-8080-exec-4] DEBUG o.a.coyote.http11.Http11InputBuffer - Received [POST /api/login HTTP/1.1
Content-Type: application/json
User-Agent: PostmanRuntime/7.33.0
Accept: */*
Postman-Token: 448974f6-65d8-4899-b2e7-1028eb105604
Host: localhost:8080
Accept-Encoding: gzip, deflate, br
Connection: keep-alive
Content-Length: 50

{
    "id" : "test",
    "password" : "testl"
}]
2023-09-30 11:40:25.484 [http-nio-8080-exec-4] DEBUG o.a.coyote.http11.Http11InputBuffer - Before fill(): parsingHeader: [true], parsingRequestLine: [true], parsingRequestLinePhase: [0], parsingRequestLineStart: [0], byteBuffer.position(): [0], byteBuffer.limit(): [0], end: [263]
2023-09-30 11:40:25.485 [http-nio-8080-exec-4] DEBUG o.a.coyote.http11.Http11InputBuffer - Received []
2023-09-30 11:40:55.238 [http-nio-8080-exec-1] DEBUG o.a.coyote.http11.Http11InputBuffer - Before fill(): parsingHeader: [true], parsingRequestLine: [true], parsingRequestLinePhase: [0], parsingRequestLineStart: [0], byteBuffer.position(): [0], byteBuffer.limit(): [0], end: [263]
2023-09-30 11:40:55.239 [http-nio-8080-exec-1] DEBUG o.a.coyote.http11.Http11InputBuffer - Received [POST /api/login HTTP/1.1
Content-Type: application/json
User-Agent: PostmanRuntime/7.33.0
Accept: */*
Postman-Token: 202d82ef-c949-4303-86bd-661a46717468
Host: localhost:8080
Accept-Encoding: gzip, deflate, br
Connection: keep-alive
Content-Length: 49

{
    "id" : "test",
    "password" : "test"
}]
2023-09-30 11:40:55.385 [http-nio-8080-exec-1] DEBUG o.a.coyote.http11.Http11InputBuffer - Before fill(): parsingHeader: [true], parsingRequestLine: [true], parsingRequestLinePhase: [0], parsingRequestLineStart: [0], byteBuffer.position(): [0], byteBuffer.limit(): [0], end: [263]
2023-09-30 11:40:55.386 [http-nio-8080-exec-1] DEBUG o.a.coyote.http11.Http11InputBuffer - Received []
