2023-09-25 18:32:14.403 [http-nio-8080-exec-3] DEBUG o.a.coyote.http11.Http11InputBuffer - Before fill(): parsingHeader: [true], parsingRequestLine: [true], parsingRequestLinePhase: [0], parsingRequestLineStart: [0], byteBuffer.position(): [0], byteBuffer.limit(): [0], end: [0]
2023-09-25 18:32:14.403 [http-nio-8080-exec-1] DEBUG o.a.coyote.http11.Http11InputBuffer - Before fill(): parsingHeader: [true], parsingRequestLine: [true], parsingRequestLinePhase: [0], parsingRequestLineStart: [0], byteBuffer.position(): [0], byteBuffer.limit(): [0], end: [0]
2023-09-25 18:32:14.404 [http-nio-8080-exec-1] DEBUG o.a.coyote.http11.Http11InputBuffer - Received [POST /api/register HTTP/1.1
Content-Type: application/json
User-Agent: PostmanRuntime/7.33.0
Accept: */*
Postman-Token: d1f2bf87-7468-4eaf-bd56-5738fa732948
Host: localhost:8080
Accept-Encoding: gzip, deflate, br
Connection: keep-alive
Content-Length: 178

{
    "id" : "zxcv",
    "password" : "zxcv",
    "name" : "테스트2",
    "nickname" : "zxcv",
    "birth" : "2000-03-03",
    "gender" : "W",
    "bluetooth" : null
}]
2023-09-25 18:32:14.739 [http-nio-8080-exec-1] DEBUG o.a.coyote.http11.Http11InputBuffer - Before fill(): parsingHeader: [true], parsingRequestLine: [true], parsingRequestLinePhase: [0], parsingRequestLineStart: [0], byteBuffer.position(): [0], byteBuffer.limit(): [0], end: [267]
2023-09-25 18:32:14.739 [http-nio-8080-exec-1] DEBUG o.a.coyote.http11.Http11InputBuffer - Received []
2023-09-25 19:16:21.022 [http-nio-8080-exec-2] DEBUG o.a.coyote.http11.Http11InputBuffer - Before fill(): parsingHeader: [true], parsingRequestLine: [true], parsingRequestLinePhase: [0], parsingRequestLineStart: [0], byteBuffer.position(): [0], byteBuffer.limit(): [0], end: [0]
2023-09-25 19:16:21.022 [http-nio-8080-exec-1] DEBUG o.a.coyote.http11.Http11InputBuffer - Before fill(): parsingHeader: [true], parsingRequestLine: [true], parsingRequestLinePhase: [0], parsingRequestLineStart: [0], byteBuffer.position(): [0], byteBuffer.limit(): [0], end: [0]
2023-09-25 19:16:21.022 [http-nio-8080-exec-1] DEBUG o.a.coyote.http11.Http11InputBuffer - Received [POST /api/test HTTP/1.1
Content-Type: application/json
User-Agent: PostmanRuntime/7.33.0
Accept: */*
Postman-Token: 59efe87d-1ea9-46f9-b945-dd806f08b552
Host: localhost:8080
Accept-Encoding: gzip, deflate, br
Connection: keep-alive
Content-Length: 82

{
    "id" : "test",
    "bluetooth" : "testtest-test-test-test-testtesttest"
}]
2023-09-25 19:16:21.138 [http-nio-8080-exec-1] DEBUG o.a.coyote.http11.Http11InputBuffer - Before fill(): parsingHeader: [true], parsingRequestLine: [true], parsingRequestLinePhase: [0], parsingRequestLineStart: [0], byteBuffer.position(): [0], byteBuffer.limit(): [0], end: [262]
2023-09-25 19:16:21.138 [http-nio-8080-exec-1] DEBUG o.a.coyote.http11.Http11InputBuffer - Received []
2023-09-25 19:16:38.480 [http-nio-8080-exec-1] DEBUG o.a.coyote.http11.Http11InputBuffer - Before fill(): parsingHeader: [true], parsingRequestLine: [true], parsingRequestLinePhase: [0], parsingRequestLineStart: [0], byteBuffer.position(): [0], byteBuffer.limit(): [0], end: [0]
2023-09-25 19:16:38.481 [http-nio-8080-exec-3] DEBUG o.a.coyote.http11.Http11InputBuffer - Before fill(): parsingHeader: [true], parsingRequestLine: [true], parsingRequestLinePhase: [0], parsingRequestLineStart: [0], byteBuffer.position(): [0], byteBuffer.limit(): [0], end: [0]
2023-09-25 19:16:38.481 [http-nio-8080-exec-3] DEBUG o.a.coyote.http11.Http11InputBuffer - Received [POST /api/test HTTP/1.1
Content-Type: application/json
User-Agent: PostmanRuntime/7.33.0
Accept: */*
Postman-Token: 9218bff1-f387-4565-a48c-81905ad00ff2
Host: localhost:8080
Accept-Encoding: gzip, deflate, br
Connection: keep-alive
Content-Length: 82

{
    "id" : "test",
    "bluetooth" : "testtest-test-test-test-testtesttest"
}]
2023-09-25 19:17:06.728 [http-nio-8080-exec-1] DEBUG o.a.coyote.http11.Http11InputBuffer - Before fill(): parsingHeader: [true], parsingRequestLine: [true], parsingRequestLinePhase: [0], parsingRequestLineStart: [0], byteBuffer.position(): [0], byteBuffer.limit(): [0], end: [0]
2023-09-25 19:17:06.730 [http-nio-8080-exec-2] DEBUG o.a.coyote.http11.Http11InputBuffer - Before fill(): parsingHeader: [true], parsingRequestLine: [true], parsingRequestLinePhase: [0], parsingRequestLineStart: [0], byteBuffer.position(): [0], byteBuffer.limit(): [0], end: [0]
2023-09-25 19:17:06.730 [http-nio-8080-exec-2] DEBUG o.a.coyote.http11.Http11InputBuffer - Received [POST /api/test HTTP/1.1
Content-Type: application/json
User-Agent: PostmanRuntime/7.33.0
Accept: */*
Postman-Token: 2d91235b-8718-4d05-afe7-e0a47a064063
Host: localhost:8080
Accept-Encoding: gzip, deflate, br
Connection: keep-alive
Content-Length: 82

{
    "id" : "test",
    "bluetooth" : "testtest-test-test-test-testtesttest"
}]
2023-09-25 20:40:48.036 [http-nio-8080-exec-2] DEBUG o.a.coyote.http11.Http11InputBuffer - Before fill(): parsingHeader: [true], parsingRequestLine: [true], parsingRequestLinePhase: [0], parsingRequestLineStart: [0], byteBuffer.position(): [0], byteBuffer.limit(): [0], end: [0]
2023-09-25 20:40:48.036 [http-nio-8080-exec-1] DEBUG o.a.coyote.http11.Http11InputBuffer - Before fill(): parsingHeader: [true], parsingRequestLine: [true], parsingRequestLinePhase: [0], parsingRequestLineStart: [0], byteBuffer.position(): [0], byteBuffer.limit(): [0], end: [0]
2023-09-25 20:40:48.037 [http-nio-8080-exec-2] DEBUG o.a.coyote.http11.Http11InputBuffer - Received [POST /api/test HTTP/1.1
Content-Type: application/json
User-Agent: PostmanRuntime/7.33.0
Accept: */*
Postman-Token: b3d3bd31-54ca-498f-9f82-ad7d0ac87de9
Host: localhost:8080
Accept-Encoding: gzip, deflate, br
Connection: keep-alive
Content-Length: 82

{
    "id" : "test",
    "bluetooth" : "testtest-test-test-test-testtesttest"
}]
2023-09-25 20:41:22.767 [http-nio-8080-exec-1] DEBUG o.a.coyote.http11.Http11InputBuffer - Before fill(): parsingHeader: [true], parsingRequestLine: [true], parsingRequestLinePhase: [0], parsingRequestLineStart: [0], byteBuffer.position(): [0], byteBuffer.limit(): [0], end: [0]
2023-09-25 20:41:22.767 [http-nio-8080-exec-2] DEBUG o.a.coyote.http11.Http11InputBuffer - Before fill(): parsingHeader: [true], parsingRequestLine: [true], parsingRequestLinePhase: [0], parsingRequestLineStart: [0], byteBuffer.position(): [0], byteBuffer.limit(): [0], end: [0]
2023-09-25 20:41:22.767 [http-nio-8080-exec-2] DEBUG o.a.coyote.http11.Http11InputBuffer - Received [POST /api/test HTTP/1.1
Content-Type: application/json
User-Agent: PostmanRuntime/7.33.0
Accept: */*
Postman-Token: 14bb044d-268d-4f14-9c00-80724f673e44
Host: localhost:8080
Accept-Encoding: gzip, deflate, br
Connection: keep-alive
Content-Length: 82

{
    "id" : "test",
    "bluetooth" : "testtest-test-test-test-testtesttest"
}]
2023-09-25 20:41:23.844 [http-nio-8080-exec-6] DEBUG o.a.coyote.http11.Http11InputBuffer - Before fill(): parsingHeader: [true], parsingRequestLine: [true], parsingRequestLinePhase: [0], parsingRequestLineStart: [0], byteBuffer.position(): [0], byteBuffer.limit(): [0], end: [262]
2023-09-25 20:41:23.844 [http-nio-8080-exec-5] DEBUG o.a.coyote.http11.Http11InputBuffer - Before fill(): parsingHeader: [true], parsingRequestLine: [true], parsingRequestLinePhase: [0], parsingRequestLineStart: [0], byteBuffer.position(): [0], byteBuffer.limit(): [0], end: [0]
2023-09-25 20:41:23.845 [http-nio-8080-exec-5] DEBUG o.a.coyote.http11.Http11InputBuffer - Received [POST /api/test HTTP/1.1
Content-Type: application/json
User-Agent: PostmanRuntime/7.33.0
Accept: */*
Postman-Token: 0fbccb30-37c3-4117-b748-f297804b07f1
Host: localhost:8080
Accept-Encoding: gzip, deflate, br
Connection: keep-alive
Content-Length: 82

{
    "id" : "test",
    "bluetooth" : "testtest-test-test-test-testtesttest"
}]
2023-09-25 20:41:40.052 [http-nio-8080-exec-1] DEBUG o.a.coyote.http11.Http11InputBuffer - Before fill(): parsingHeader: [true], parsingRequestLine: [true], parsingRequestLinePhase: [0], parsingRequestLineStart: [0], byteBuffer.position(): [0], byteBuffer.limit(): [0], end: [0]
2023-09-25 20:41:40.052 [http-nio-8080-exec-3] DEBUG o.a.coyote.http11.Http11InputBuffer - Before fill(): parsingHeader: [true], parsingRequestLine: [true], parsingRequestLinePhase: [0], parsingRequestLineStart: [0], byteBuffer.position(): [0], byteBuffer.limit(): [0], end: [0]
2023-09-25 20:41:40.052 [http-nio-8080-exec-3] DEBUG o.a.coyote.http11.Http11InputBuffer - Received [POST /api/test HTTP/1.1
Content-Type: application/json
User-Agent: PostmanRuntime/7.33.0
Accept: */*
Postman-Token: 5ce0b8b6-798d-411e-873f-b5cca61e6e71
Host: localhost:8080
Accept-Encoding: gzip, deflate, br
Connection: keep-alive
Content-Length: 82

{
    "id" : "test",
    "bluetooth" : "testtest-test-test-test-testtesttest"
}]
2023-09-25 20:50:31.723 [http-nio-8080-exec-3] DEBUG o.a.coyote.http11.Http11InputBuffer - Before fill(): parsingHeader: [true], parsingRequestLine: [true], parsingRequestLinePhase: [0], parsingRequestLineStart: [0], byteBuffer.position(): [0], byteBuffer.limit(): [0], end: [0]
2023-09-25 20:50:31.723 [http-nio-8080-exec-1] DEBUG o.a.coyote.http11.Http11InputBuffer - Before fill(): parsingHeader: [true], parsingRequestLine: [true], parsingRequestLinePhase: [0], parsingRequestLineStart: [0], byteBuffer.position(): [0], byteBuffer.limit(): [0], end: [0]
2023-09-25 20:50:31.724 [http-nio-8080-exec-3] DEBUG o.a.coyote.http11.Http11InputBuffer - Received [POST /api/test HTTP/1.1
Content-Type: application/json
User-Agent: PostmanRuntime/7.33.0
Accept: */*
Postman-Token: 3b734548-8945-459c-b21f-c32b3b75516a
Host: localhost:8080
Accept-Encoding: gzip, deflate, br
Connection: keep-alive
Content-Length: 82

{
    "id" : "test",
    "bluetooth" : "testtest-test-test-test-testtesttest"
}]
2023-09-25 20:54:32.118 [http-nio-8080-exec-2] DEBUG o.a.coyote.http11.Http11InputBuffer - Before fill(): parsingHeader: [true], parsingRequestLine: [true], parsingRequestLinePhase: [0], parsingRequestLineStart: [0], byteBuffer.position(): [0], byteBuffer.limit(): [0], end: [0]
2023-09-25 20:54:32.118 [http-nio-8080-exec-1] DEBUG o.a.coyote.http11.Http11InputBuffer - Before fill(): parsingHeader: [true], parsingRequestLine: [true], parsingRequestLinePhase: [0], parsingRequestLineStart: [0], byteBuffer.position(): [0], byteBuffer.limit(): [0], end: [0]
2023-09-25 20:54:32.119 [http-nio-8080-exec-1] DEBUG o.a.coyote.http11.Http11InputBuffer - Received [POST /api/test HTTP/1.1
Content-Type: application/json
User-Agent: PostmanRuntime/7.33.0
Accept: */*
Postman-Token: 1feed2d9-4e52-4f63-8c66-7646927dbe97
Host: localhost:8080
Accept-Encoding: gzip, deflate, br
Connection: keep-alive
Content-Length: 82

{
    "id" : "test",
    "bluetooth" : "testtest-test-test-test-testtesttest"
}]
2023-09-25 20:56:19.221 [http-nio-8080-exec-2] DEBUG o.a.coyote.http11.Http11InputBuffer - Before fill(): parsingHeader: [true], parsingRequestLine: [true], parsingRequestLinePhase: [0], parsingRequestLineStart: [0], byteBuffer.position(): [0], byteBuffer.limit(): [0], end: [0]
2023-09-25 20:56:19.222 [http-nio-8080-exec-1] DEBUG o.a.coyote.http11.Http11InputBuffer - Before fill(): parsingHeader: [true], parsingRequestLine: [true], parsingRequestLinePhase: [0], parsingRequestLineStart: [0], byteBuffer.position(): [0], byteBuffer.limit(): [0], end: [0]
2023-09-25 20:56:19.222 [http-nio-8080-exec-1] DEBUG o.a.coyote.http11.Http11InputBuffer - Received [POST /api/test HTTP/1.1
Content-Type: application/json
User-Agent: PostmanRuntime/7.33.0
Accept: */*
Postman-Token: bad86754-01dd-4f2e-b0b7-0a1d108ca493
Host: localhost:8080
Accept-Encoding: gzip, deflate, br
Connection: keep-alive
Content-Length: 82

{
    "id" : "test",
    "bluetooth" : "testtest-test-test-test-testtesttest"
}]
2023-09-25 20:58:42.658 [http-nio-8080-exec-1] DEBUG o.a.coyote.http11.Http11InputBuffer - Before fill(): parsingHeader: [true], parsingRequestLine: [true], parsingRequestLinePhase: [0], parsingRequestLineStart: [0], byteBuffer.position(): [0], byteBuffer.limit(): [0], end: [0]
2023-09-25 20:58:42.659 [http-nio-8080-exec-2] DEBUG o.a.coyote.http11.Http11InputBuffer - Before fill(): parsingHeader: [true], parsingRequestLine: [true], parsingRequestLinePhase: [0], parsingRequestLineStart: [0], byteBuffer.position(): [0], byteBuffer.limit(): [0], end: [0]
2023-09-25 20:58:42.659 [http-nio-8080-exec-2] DEBUG o.a.coyote.http11.Http11InputBuffer - Received [POST /api/test HTTP/1.1
Content-Type: application/json
User-Agent: PostmanRuntime/7.33.0
Accept: */*
Postman-Token: c4a28ac3-3e45-4961-a83a-833047f0c90d
Host: localhost:8080
Accept-Encoding: gzip, deflate, br
Connection: keep-alive
Content-Length: 82

{
    "id" : "test",
    "bluetooth" : "testtest-test-test-test-testtesttest"
}]
2023-09-25 21:00:39.994 [http-nio-8080-exec-1] DEBUG o.a.coyote.http11.Http11InputBuffer - Before fill(): parsingHeader: [true], parsingRequestLine: [true], parsingRequestLinePhase: [0], parsingRequestLineStart: [0], byteBuffer.position(): [0], byteBuffer.limit(): [0], end: [0]
2023-09-25 21:00:39.995 [http-nio-8080-exec-6] DEBUG o.a.coyote.http11.Http11InputBuffer - Before fill(): parsingHeader: [true], parsingRequestLine: [true], parsingRequestLinePhase: [0], parsingRequestLineStart: [0], byteBuffer.position(): [0], byteBuffer.limit(): [0], end: [0]
2023-09-25 21:00:39.995 [http-nio-8080-exec-6] DEBUG o.a.coyote.http11.Http11InputBuffer - Received [POST /api/test HTTP/1.1
Content-Type: application/json
User-Agent: PostmanRuntime/7.33.0
Accept: */*
Postman-Token: e5106846-1d18-495d-ba4a-8f7ecbfde2bd
Host: localhost:8080
Accept-Encoding: gzip, deflate, br
Connection: keep-alive
Content-Length: 82

{
    "id" : "test",
    "bluetooth" : "testtest-test-test-test-testtesttest"
}]
2023-09-25 21:01:44.639 [http-nio-8080-exec-1] DEBUG o.a.coyote.http11.Http11InputBuffer - Before fill(): parsingHeader: [true], parsingRequestLine: [true], parsingRequestLinePhase: [0], parsingRequestLineStart: [0], byteBuffer.position(): [0], byteBuffer.limit(): [0], end: [0]
2023-09-25 21:01:44.639 [http-nio-8080-exec-3] DEBUG o.a.coyote.http11.Http11InputBuffer - Before fill(): parsingHeader: [true], parsingRequestLine: [true], parsingRequestLinePhase: [0], parsingRequestLineStart: [0], byteBuffer.position(): [0], byteBuffer.limit(): [0], end: [0]
2023-09-25 21:01:44.639 [http-nio-8080-exec-3] DEBUG o.a.coyote.http11.Http11InputBuffer - Received [POST /api/test HTTP/1.1
Content-Type: application/json
User-Agent: PostmanRuntime/7.33.0
Accept: */*
Postman-Token: 439f0dfa-ee15-44cf-b467-8c8b0b502c2e
Host: localhost:8080
Accept-Encoding: gzip, deflate, br
Connection: keep-alive
Content-Length: 82

{
    "id" : "test",
    "bluetooth" : "testtest-test-test-test-testtesttest"
}]
2023-09-25 21:01:44.733 [http-nio-8080-exec-3] DEBUG o.a.coyote.http11.Http11InputBuffer - Before fill(): parsingHeader: [true], parsingRequestLine: [true], parsingRequestLinePhase: [0], parsingRequestLineStart: [0], byteBuffer.position(): [0], byteBuffer.limit(): [0], end: [262]
2023-09-25 21:01:44.733 [http-nio-8080-exec-3] DEBUG o.a.coyote.http11.Http11InputBuffer - Received []
2023-09-25 21:02:32.604 [http-nio-8080-exec-1] DEBUG o.a.coyote.http11.Http11InputBuffer - Before fill(): parsingHeader: [true], parsingRequestLine: [true], parsingRequestLinePhase: [0], parsingRequestLineStart: [0], byteBuffer.position(): [0], byteBuffer.limit(): [0], end: [0]
2023-09-25 21:02:32.604 [http-nio-8080-exec-2] DEBUG o.a.coyote.http11.Http11InputBuffer - Before fill(): parsingHeader: [true], parsingRequestLine: [true], parsingRequestLinePhase: [0], parsingRequestLineStart: [0], byteBuffer.position(): [0], byteBuffer.limit(): [0], end: [0]
2023-09-25 21:02:32.604 [http-nio-8080-exec-2] DEBUG o.a.coyote.http11.Http11InputBuffer - Received [POST /api/test HTTP/1.1
Content-Type: application/json
User-Agent: PostmanRuntime/7.33.0
Accept: */*
Postman-Token: 1334f363-ea1e-4cba-82e6-c176a54fdee2
Host: localhost:8080
Accept-Encoding: gzip, deflate, br
Connection: keep-alive
Content-Length: 82

{
    "id" : "test",
    "bluetooth" : "testtest-test-test-test-testtesttest"
}]
2023-09-25 21:12:02.313 [http-nio-8080-exec-1] DEBUG o.a.coyote.http11.Http11InputBuffer - Before fill(): parsingHeader: [true], parsingRequestLine: [true], parsingRequestLinePhase: [0], parsingRequestLineStart: [0], byteBuffer.position(): [0], byteBuffer.limit(): [0], end: [0]
2023-09-25 21:12:02.313 [http-nio-8080-exec-5] DEBUG o.a.coyote.http11.Http11InputBuffer - Before fill(): parsingHeader: [true], parsingRequestLine: [true], parsingRequestLinePhase: [0], parsingRequestLineStart: [0], byteBuffer.position(): [0], byteBuffer.limit(): [0], end: [0]
2023-09-25 21:12:02.314 [http-nio-8080-exec-1] DEBUG o.a.coyote.http11.Http11InputBuffer - Received [POST /api/test HTTP/1.1
Content-Type: application/json
User-Agent: PostmanRuntime/7.33.0
Accept: */*
Postman-Token: fdcc55fc-52b9-4e8b-8792-9521f4d14c89
Host: localhost:8080
Accept-Encoding: gzip, deflate, br
Connection: keep-alive
Content-Length: 82

{
    "id" : "test",
    "bluetooth" : "testtest-test-test-test-testtesttest"
}]
2023-09-25 21:29:02.232 [http-nio-8080-exec-1] DEBUG o.a.coyote.http11.Http11InputBuffer - Before fill(): parsingHeader: [true], parsingRequestLine: [true], parsingRequestLinePhase: [0], parsingRequestLineStart: [0], byteBuffer.position(): [0], byteBuffer.limit(): [0], end: [0]
2023-09-25 21:29:02.232 [http-nio-8080-exec-2] DEBUG o.a.coyote.http11.Http11InputBuffer - Before fill(): parsingHeader: [true], parsingRequestLine: [true], parsingRequestLinePhase: [0], parsingRequestLineStart: [0], byteBuffer.position(): [0], byteBuffer.limit(): [0], end: [0]
2023-09-25 21:29:02.233 [http-nio-8080-exec-1] DEBUG o.a.coyote.http11.Http11InputBuffer - Received [POST /api/test HTTP/1.1
Content-Type: application/json
User-Agent: PostmanRuntime/7.33.0
Accept: */*
Postman-Token: b6eeae73-7378-4d9b-a79d-68efc27b41b1
Host: localhost:8080
Accept-Encoding: gzip, deflate, br
Connection: keep-alive
Content-Length: 82

{
    "id" : "test",
    "bluetooth" : "testtest-test-test-test-testtesttest"
}]
2023-09-25 21:29:02.495 [http-nio-8080-exec-1] DEBUG o.a.coyote.http11.Http11InputBuffer - Before fill(): parsingHeader: [true], parsingRequestLine: [true], parsingRequestLinePhase: [0], parsingRequestLineStart: [0], byteBuffer.position(): [0], byteBuffer.limit(): [0], end: [262]
2023-09-25 21:29:02.495 [http-nio-8080-exec-1] DEBUG o.a.coyote.http11.Http11InputBuffer - Received []
2023-09-25 21:29:29.327 [http-nio-8080-exec-1] DEBUG o.a.coyote.http11.Http11InputBuffer - Before fill(): parsingHeader: [true], parsingRequestLine: [true], parsingRequestLinePhase: [0], parsingRequestLineStart: [0], byteBuffer.position(): [0], byteBuffer.limit(): [0], end: [0]
2023-09-25 21:29:29.327 [http-nio-8080-exec-2] DEBUG o.a.coyote.http11.Http11InputBuffer - Before fill(): parsingHeader: [true], parsingRequestLine: [true], parsingRequestLinePhase: [0], parsingRequestLineStart: [0], byteBuffer.position(): [0], byteBuffer.limit(): [0], end: [0]
2023-09-25 21:29:29.327 [http-nio-8080-exec-2] DEBUG o.a.coyote.http11.Http11InputBuffer - Received [POST /api/test HTTP/1.1
Content-Type: application/json
User-Agent: PostmanRuntime/7.33.0
Accept: */*
Postman-Token: 651c3776-a321-4e49-8185-ffe5c2017b32
Host: localhost:8080
Accept-Encoding: gzip, deflate, br
Connection: keep-alive
Content-Length: 82

{
    "id" : "test",
    "bluetooth" : "testtest-test-test-test-testtesttest"
}]
2023-09-25 21:29:29.369 [http-nio-8080-exec-2] DEBUG o.a.coyote.http11.Http11InputBuffer - Before fill(): parsingHeader: [true], parsingRequestLine: [true], parsingRequestLinePhase: [0], parsingRequestLineStart: [0], byteBuffer.position(): [0], byteBuffer.limit(): [0], end: [262]
2023-09-25 21:29:29.369 [http-nio-8080-exec-2] DEBUG o.a.coyote.http11.Http11InputBuffer - Received []
2023-09-25 21:40:18.920 [http-nio-8080-exec-1] DEBUG o.a.coyote.http11.Http11InputBuffer - Before fill(): parsingHeader: [true], parsingRequestLine: [true], parsingRequestLinePhase: [0], parsingRequestLineStart: [0], byteBuffer.position(): [0], byteBuffer.limit(): [0], end: [0]
2023-09-25 21:40:18.920 [http-nio-8080-exec-2] DEBUG o.a.coyote.http11.Http11InputBuffer - Before fill(): parsingHeader: [true], parsingRequestLine: [true], parsingRequestLinePhase: [0], parsingRequestLineStart: [0], byteBuffer.position(): [0], byteBuffer.limit(): [0], end: [0]
2023-09-25 21:40:18.920 [http-nio-8080-exec-2] DEBUG o.a.coyote.http11.Http11InputBuffer - Received [POST /api/test HTTP/1.1
Content-Type: application/json
User-Agent: PostmanRuntime/7.33.0
Accept: */*
Postman-Token: 3d463672-f423-4865-8a16-1aa607390acc
Host: localhost:8080
Accept-Encoding: gzip, deflate, br
Connection: keep-alive
Content-Length: 82

{
    "id" : "test",
    "bluetooth" : "testtest-test-test-test-testtesttest"
}]
2023-09-25 21:40:19.104 [http-nio-8080-exec-2] DEBUG o.a.coyote.http11.Http11InputBuffer - Before fill(): parsingHeader: [true], parsingRequestLine: [true], parsingRequestLinePhase: [0], parsingRequestLineStart: [0], byteBuffer.position(): [0], byteBuffer.limit(): [0], end: [262]
2023-09-25 21:40:19.104 [http-nio-8080-exec-2] DEBUG o.a.coyote.http11.Http11InputBuffer - Received []
2023-09-25 21:40:26.367 [http-nio-8080-exec-5] DEBUG o.a.coyote.http11.Http11InputBuffer - Before fill(): parsingHeader: [true], parsingRequestLine: [true], parsingRequestLinePhase: [0], parsingRequestLineStart: [0], byteBuffer.position(): [0], byteBuffer.limit(): [0], end: [262]
2023-09-25 21:40:26.368 [http-nio-8080-exec-5] DEBUG o.a.coyote.http11.Http11InputBuffer - Received [POST /api/test HTTP/1.1
Content-Type: application/json
User-Agent: PostmanRuntime/7.33.0
Accept: */*
Postman-Token: 41476112-3d60-4cac-96bb-58b52547bc85
Host: localhost:8080
Accept-Encoding: gzip, deflate, br
Connection: keep-alive
Content-Length: 83

{
    "id" : "testa",
    "bluetooth" : "testtest-test-test-test-testtesttest"
}]
2023-09-25 21:40:26.373 [http-nio-8080-exec-5] DEBUG o.a.coyote.http11.Http11InputBuffer - Before fill(): parsingHeader: [true], parsingRequestLine: [true], parsingRequestLinePhase: [0], parsingRequestLineStart: [0], byteBuffer.position(): [0], byteBuffer.limit(): [0], end: [262]
2023-09-25 21:40:26.373 [http-nio-8080-exec-5] DEBUG o.a.coyote.http11.Http11InputBuffer - Received []
2023-09-25 21:42:36.806 [http-nio-8080-exec-1] DEBUG o.a.coyote.http11.Http11InputBuffer - Before fill(): parsingHeader: [true], parsingRequestLine: [true], parsingRequestLinePhase: [0], parsingRequestLineStart: [0], byteBuffer.position(): [0], byteBuffer.limit(): [0], end: [0]
2023-09-25 21:42:36.806 [http-nio-8080-exec-2] DEBUG o.a.coyote.http11.Http11InputBuffer - Before fill(): parsingHeader: [true], parsingRequestLine: [true], parsingRequestLinePhase: [0], parsingRequestLineStart: [0], byteBuffer.position(): [0], byteBuffer.limit(): [0], end: [0]
2023-09-25 21:42:36.806 [http-nio-8080-exec-2] DEBUG o.a.coyote.http11.Http11InputBuffer - Received [POST /api/test HTTP/1.1
Content-Type: application/json
User-Agent: PostmanRuntime/7.33.0
Accept: */*
Postman-Token: 06d3fada-6950-4eae-87e7-2ff3bf109313
Host: localhost:8080
Accept-Encoding: gzip, deflate, br
Connection: keep-alive
Content-Length: 83

{
    "id" : "testa",
    "bluetooth" : "testtest-test-test-test-testtesttest"
}]
2023-09-25 21:42:36.820 [http-nio-8080-exec-2] DEBUG o.a.coyote.http11.Http11InputBuffer - Before fill(): parsingHeader: [true], parsingRequestLine: [true], parsingRequestLinePhase: [0], parsingRequestLineStart: [0], byteBuffer.position(): [0], byteBuffer.limit(): [0], end: [262]
2023-09-25 21:42:36.820 [http-nio-8080-exec-2] DEBUG o.a.coyote.http11.Http11InputBuffer - Received []
2023-09-25 22:14:21.917 [http-nio-8080-exec-4] DEBUG o.a.coyote.http11.Http11InputBuffer - Before fill(): parsingHeader: [true], parsingRequestLine: [true], parsingRequestLinePhase: [0], parsingRequestLineStart: [0], byteBuffer.position(): [0], byteBuffer.limit(): [0], end: [0]
2023-09-25 22:14:21.917 [http-nio-8080-exec-1] DEBUG o.a.coyote.http11.Http11InputBuffer - Before fill(): parsingHeader: [true], parsingRequestLine: [true], parsingRequestLinePhase: [0], parsingRequestLineStart: [0], byteBuffer.position(): [0], byteBuffer.limit(): [0], end: [0]
2023-09-25 22:14:21.918 [http-nio-8080-exec-1] DEBUG o.a.coyote.http11.Http11InputBuffer - Received [POST /login/validation HTTP/1.1
Content-Type: application/json
User-Agent: PostmanRuntime/7.33.0
Accept: */*
Postman-Token: bc81a3bb-f66e-4d62-bef6-45b09437792f
Host: localhost:8080
Accept-Encoding: gzip, deflate, br
Connection: keep-alive
Content-Length: 24

{
    "id" : "testa"
}]
2023-09-25 22:14:22.049 [http-nio-8080-exec-1] DEBUG o.a.coyote.http11.Http11InputBuffer - Before fill(): parsingHeader: [true], parsingRequestLine: [true], parsingRequestLinePhase: [0], parsingRequestLineStart: [0], byteBuffer.position(): [0], byteBuffer.limit(): [0], end: [270]
2023-09-25 22:14:22.050 [http-nio-8080-exec-1] DEBUG o.a.coyote.http11.Http11InputBuffer - Received []
2023-09-25 22:14:41.666 [http-nio-8080-exec-3] DEBUG o.a.coyote.http11.Http11InputBuffer - Before fill(): parsingHeader: [true], parsingRequestLine: [true], parsingRequestLinePhase: [0], parsingRequestLineStart: [0], byteBuffer.position(): [0], byteBuffer.limit(): [0], end: [270]
2023-09-25 22:14:41.667 [http-nio-8080-exec-3] DEBUG o.a.coyote.http11.Http11InputBuffer - Received [POST /login/validation HTTP/1.1
Content-Type: application/json
User-Agent: PostmanRuntime/7.33.0
Accept: */*
Postman-Token: cc2ccb0d-42b7-4e16-b923-86725cee6904
Host: localhost:8080
Accept-Encoding: gzip, deflate, br
Connection: keep-alive
Content-Length: 23

{
    "id" : "test"
}]
2023-09-25 22:14:41.672 [http-nio-8080-exec-3] DEBUG o.a.coyote.http11.Http11InputBuffer - Before fill(): parsingHeader: [true], parsingRequestLine: [true], parsingRequestLinePhase: [0], parsingRequestLineStart: [0], byteBuffer.position(): [0], byteBuffer.limit(): [0], end: [270]
2023-09-25 22:14:41.672 [http-nio-8080-exec-3] DEBUG o.a.coyote.http11.Http11InputBuffer - Received []
2023-09-25 22:15:28.152 [http-nio-8080-exec-1] DEBUG o.a.coyote.http11.Http11InputBuffer - Before fill(): parsingHeader: [true], parsingRequestLine: [true], parsingRequestLinePhase: [0], parsingRequestLineStart: [0], byteBuffer.position(): [0], byteBuffer.limit(): [0], end: [0]
2023-09-25 22:15:28.152 [http-nio-8080-exec-6] DEBUG o.a.coyote.http11.Http11InputBuffer - Before fill(): parsingHeader: [true], parsingRequestLine: [true], parsingRequestLinePhase: [0], parsingRequestLineStart: [0], byteBuffer.position(): [0], byteBuffer.limit(): [0], end: [0]
2023-09-25 22:15:28.152 [http-nio-8080-exec-6] DEBUG o.a.coyote.http11.Http11InputBuffer - Received [POST /login/validation HTTP/1.1
Content-Type: application/json
User-Agent: PostmanRuntime/7.33.0
Accept: */*
Postman-Token: 9966adf2-eafe-4152-9ce0-1bbdabe20462
Host: localhost:8080
Accept-Encoding: gzip, deflate, br
Connection: keep-alive
Content-Length: 23

{
    "id" : "test"
}]
2023-09-25 22:15:28.162 [http-nio-8080-exec-6] DEBUG o.a.coyote.http11.Http11InputBuffer - Before fill(): parsingHeader: [true], parsingRequestLine: [true], parsingRequestLinePhase: [0], parsingRequestLineStart: [0], byteBuffer.position(): [0], byteBuffer.limit(): [0], end: [270]
2023-09-25 22:15:28.163 [http-nio-8080-exec-6] DEBUG o.a.coyote.http11.Http11InputBuffer - Received []
2023-09-25 22:16:07.089 [http-nio-8080-exec-1] DEBUG o.a.coyote.http11.Http11InputBuffer - Before fill(): parsingHeader: [true], parsingRequestLine: [true], parsingRequestLinePhase: [0], parsingRequestLineStart: [0], byteBuffer.position(): [0], byteBuffer.limit(): [0], end: [0]
2023-09-25 22:16:07.089 [http-nio-8080-exec-2] DEBUG o.a.coyote.http11.Http11InputBuffer - Before fill(): parsingHeader: [true], parsingRequestLine: [true], parsingRequestLinePhase: [0], parsingRequestLineStart: [0], byteBuffer.position(): [0], byteBuffer.limit(): [0], end: [0]
2023-09-25 22:16:07.089 [http-nio-8080-exec-2] DEBUG o.a.coyote.http11.Http11InputBuffer - Received [POST /validation HTTP/1.1
Content-Type: application/json
User-Agent: PostmanRuntime/7.33.0
Accept: */*
Postman-Token: e304ed23-bc7f-4fc9-9d15-5ee1f4c69203
Host: localhost:8080
Accept-Encoding: gzip, deflate, br
Connection: keep-alive
Content-Length: 23

{
    "id" : "test"
}]
2023-09-25 22:16:07.096 [http-nio-8080-exec-2] DEBUG o.a.coyote.http11.Http11InputBuffer - Before fill(): parsingHeader: [true], parsingRequestLine: [true], parsingRequestLinePhase: [0], parsingRequestLineStart: [0], byteBuffer.position(): [0], byteBuffer.limit(): [0], end: [264]
2023-09-25 22:16:07.096 [http-nio-8080-exec-2] DEBUG o.a.coyote.http11.Http11InputBuffer - Received []
2023-09-25 22:16:30.524 [http-nio-8080-exec-1] DEBUG o.a.coyote.http11.Http11InputBuffer - Before fill(): parsingHeader: [true], parsingRequestLine: [true], parsingRequestLinePhase: [0], parsingRequestLineStart: [0], byteBuffer.position(): [0], byteBuffer.limit(): [0], end: [0]
2023-09-25 22:16:30.524 [http-nio-8080-exec-2] DEBUG o.a.coyote.http11.Http11InputBuffer - Before fill(): parsingHeader: [true], parsingRequestLine: [true], parsingRequestLinePhase: [0], parsingRequestLineStart: [0], byteBuffer.position(): [0], byteBuffer.limit(): [0], end: [0]
2023-09-25 22:16:30.524 [http-nio-8080-exec-2] DEBUG o.a.coyote.http11.Http11InputBuffer - Received [POST /api/login/validation HTTP/1.1
Content-Type: application/json
User-Agent: PostmanRuntime/7.33.0
Accept: */*
Postman-Token: 50e3261e-4741-423b-baf8-a84c310538f6
Host: localhost:8080
Accept-Encoding: gzip, deflate, br
Connection: keep-alive
Content-Length: 24

{
    "id" : "testa"
}]
2023-09-25 22:16:30.610 [http-nio-8080-exec-2] DEBUG o.a.coyote.http11.Http11InputBuffer - Before fill(): parsingHeader: [true], parsingRequestLine: [true], parsingRequestLinePhase: [0], parsingRequestLineStart: [0], byteBuffer.position(): [0], byteBuffer.limit(): [0], end: [274]
2023-09-25 22:16:30.610 [http-nio-8080-exec-2] DEBUG o.a.coyote.http11.Http11InputBuffer - Received []
2023-09-25 22:16:36.404 [http-nio-8080-exec-5] DEBUG o.a.coyote.http11.Http11InputBuffer - Before fill(): parsingHeader: [true], parsingRequestLine: [true], parsingRequestLinePhase: [0], parsingRequestLineStart: [0], byteBuffer.position(): [0], byteBuffer.limit(): [0], end: [274]
2023-09-25 22:16:36.404 [http-nio-8080-exec-5] DEBUG o.a.coyote.http11.Http11InputBuffer - Received [POST /api/login/validation HTTP/1.1
Content-Type: application/json
User-Agent: PostmanRuntime/7.33.0
Accept: */*
Postman-Token: 0c7bd13b-b4d6-4e35-8e5b-e90b10fcacba
Host: localhost:8080
Accept-Encoding: gzip, deflate, br
Connection: keep-alive
Content-Length: 23

{
    "id" : "test"
}]
2023-09-25 22:16:36.421 [http-nio-8080-exec-5] DEBUG o.a.coyote.http11.Http11InputBuffer - Before fill(): parsingHeader: [true], parsingRequestLine: [true], parsingRequestLinePhase: [0], parsingRequestLineStart: [0], byteBuffer.position(): [0], byteBuffer.limit(): [0], end: [274]
2023-09-25 22:16:36.421 [http-nio-8080-exec-5] DEBUG o.a.coyote.http11.Http11InputBuffer - Received []
2023-09-25 22:17:19.943 [http-nio-8080-exec-1] DEBUG o.a.coyote.http11.Http11InputBuffer - Before fill(): parsingHeader: [true], parsingRequestLine: [true], parsingRequestLinePhase: [0], parsingRequestLineStart: [0], byteBuffer.position(): [0], byteBuffer.limit(): [0], end: [0]
2023-09-25 22:17:19.944 [http-nio-8080-exec-4] DEBUG o.a.coyote.http11.Http11InputBuffer - Before fill(): parsingHeader: [true], parsingRequestLine: [true], parsingRequestLinePhase: [0], parsingRequestLineStart: [0], byteBuffer.position(): [0], byteBuffer.limit(): [0], end: [0]
2023-09-25 22:17:19.944 [http-nio-8080-exec-4] DEBUG o.a.coyote.http11.Http11InputBuffer - Received [POST /api/login/validation HTTP/1.1
Content-Type: application/json
User-Agent: PostmanRuntime/7.33.0
Accept: */*
Postman-Token: 8a8415b2-66fe-40d9-b9bd-2e19fe39a7a7
Host: localhost:8080
Accept-Encoding: gzip, deflate, br
Connection: keep-alive
Content-Length: 23

{
    "id" : "test"
}]
2023-09-25 22:17:19.954 [http-nio-8080-exec-4] DEBUG o.a.coyote.http11.Http11InputBuffer - Before fill(): parsingHeader: [true], parsingRequestLine: [true], parsingRequestLinePhase: [0], parsingRequestLineStart: [0], byteBuffer.position(): [0], byteBuffer.limit(): [0], end: [274]
2023-09-25 22:17:19.955 [http-nio-8080-exec-4] DEBUG o.a.coyote.http11.Http11InputBuffer - Received []
2023-09-25 22:17:22.638 [http-nio-8080-exec-3] DEBUG o.a.coyote.http11.Http11InputBuffer - Before fill(): parsingHeader: [true], parsingRequestLine: [true], parsingRequestLinePhase: [0], parsingRequestLineStart: [0], byteBuffer.position(): [0], byteBuffer.limit(): [0], end: [274]
2023-09-25 22:17:22.638 [http-nio-8080-exec-3] DEBUG o.a.coyote.http11.Http11InputBuffer - Received [POST /api/login/validation HTTP/1.1
Content-Type: application/json
User-Agent: PostmanRuntime/7.33.0
Accept: */*
Postman-Token: 9f59eda3-8266-4fcc-9d80-6e516d8c62b6
Host: localhost:8080
Accept-Encoding: gzip, deflate, br
Connection: keep-alive
Content-Length: 24

{
    "id" : "testa"
}]
2023-09-25 22:17:22.643 [http-nio-8080-exec-3] DEBUG o.a.coyote.http11.Http11InputBuffer - Before fill(): parsingHeader: [true], parsingRequestLine: [true], parsingRequestLinePhase: [0], parsingRequestLineStart: [0], byteBuffer.position(): [0], byteBuffer.limit(): [0], end: [274]
2023-09-25 22:17:22.643 [http-nio-8080-exec-3] DEBUG o.a.coyote.http11.Http11InputBuffer - Received []
2023-09-25 22:18:23.116 [http-nio-8080-exec-1] DEBUG o.a.coyote.http11.Http11InputBuffer - Before fill(): parsingHeader: [true], parsingRequestLine: [true], parsingRequestLinePhase: [0], parsingRequestLineStart: [0], byteBuffer.position(): [0], byteBuffer.limit(): [0], end: [0]
2023-09-25 22:18:23.116 [http-nio-8080-exec-5] DEBUG o.a.coyote.http11.Http11InputBuffer - Before fill(): parsingHeader: [true], parsingRequestLine: [true], parsingRequestLinePhase: [0], parsingRequestLineStart: [0], byteBuffer.position(): [0], byteBuffer.limit(): [0], end: [0]
2023-09-25 22:18:23.117 [http-nio-8080-exec-5] DEBUG o.a.coyote.http11.Http11InputBuffer - Received [POST /api/login/validation HTTP/1.1
Content-Type: application/json
User-Agent: PostmanRuntime/7.33.0
Accept: */*
Postman-Token: 35cab7ce-cb9f-4958-9a89-37ec73a2e9ea
Host: localhost:8080
Accept-Encoding: gzip, deflate, br
Connection: keep-alive
Content-Length: 24

{
    "id" : "testa"
}]
2023-09-25 22:18:23.127 [http-nio-8080-exec-5] DEBUG o.a.coyote.http11.Http11InputBuffer - Before fill(): parsingHeader: [true], parsingRequestLine: [true], parsingRequestLinePhase: [0], parsingRequestLineStart: [0], byteBuffer.position(): [0], byteBuffer.limit(): [0], end: [274]
2023-09-25 22:18:23.127 [http-nio-8080-exec-5] DEBUG o.a.coyote.http11.Http11InputBuffer - Received []
2023-09-25 22:19:55.943 [http-nio-8080-exec-1] DEBUG o.a.coyote.http11.Http11InputBuffer - Before fill(): parsingHeader: [true], parsingRequestLine: [true], parsingRequestLinePhase: [0], parsingRequestLineStart: [0], byteBuffer.position(): [0], byteBuffer.limit(): [0], end: [0]
2023-09-25 22:19:55.944 [http-nio-8080-exec-2] DEBUG o.a.coyote.http11.Http11InputBuffer - Before fill(): parsingHeader: [true], parsingRequestLine: [true], parsingRequestLinePhase: [0], parsingRequestLineStart: [0], byteBuffer.position(): [0], byteBuffer.limit(): [0], end: [0]
2023-09-25 22:19:55.944 [http-nio-8080-exec-2] DEBUG o.a.coyote.http11.Http11InputBuffer - Received [POST /api/login/validation HTTP/1.1
Content-Type: application/json
User-Agent: PostmanRuntime/7.33.0
Accept: */*
Postman-Token: b5ba0852-31ca-4d4c-8fba-7df9968f5fae
Host: localhost:8080
Accept-Encoding: gzip, deflate, br
Connection: keep-alive
Content-Length: 24

{
    "id" : "testa"
}]
2023-09-25 22:19:55.966 [http-nio-8080-exec-2] DEBUG o.a.coyote.http11.Http11InputBuffer - Before fill(): parsingHeader: [true], parsingRequestLine: [true], parsingRequestLinePhase: [0], parsingRequestLineStart: [0], byteBuffer.position(): [0], byteBuffer.limit(): [0], end: [274]
2023-09-25 22:19:55.966 [http-nio-8080-exec-2] DEBUG o.a.coyote.http11.Http11InputBuffer - Received []
