2023-10-05 18:12:18.373	200	POST /api/login HTTP/1.1	PostmanRuntime/7.33.0	-	0:0:0:0:0:0:0:1	185
2023-10-05 18:15:25.058	200	POST /api/register/validation HTTP/1.1	PostmanRuntime/7.33.0	-	0:0:0:0:0:0:0:1	20
2023-10-05 18:15:28.825	200	POST /api/register/validation HTTP/1.1	PostmanRuntime/7.33.0	-	0:0:0:0:0:0:0:1	20
2023-10-05 18:16:29.761	200	POST /api/info HTTP/1.1	PostmanRuntime/7.33.0	-	0:0:0:0:0:0:0:1	107
2023-10-05 18:19:02.331	200	POST /api/info HTTP/1.1	PostmanRuntime/7.33.0	-	0:0:0:0:0:0:0:1	185
2023-10-05 18:22:30.849	200	POST /api/my-page HTTP/1.1	PostmanRuntime/7.33.0	-	0:0:0:0:0:0:0:1	185
2023-10-05 18:23:46.841	200	POST /api/room HTTP/1.1	PostmanRuntime/7.33.0	-	0:0:0:0:0:0:0:1	679
2023-10-05 18:24:16.005	200	POST /api/room HTTP/1.1	PostmanRuntime/7.33.0	-	0:0:0:0:0:0:0:1	446
2023-10-05 18:24:29.142	500	POST /api/around HTTP/1.1	PostmanRuntime/7.33.0	-	0:0:0:0:0:0:0:1	5600
2023-10-05 18:25:10.140	200	POST /api/around HTTP/1.1	PostmanRuntime/7.33.0	-	0:0:0:0:0:0:0:1	39
2023-10-05 18:25:48.966	200	POST /api/around HTTP/1.1	PostmanRuntime/7.33.0	-	0:0:0:0:0:0:0:1	379
2023-10-05 18:26:59.094	200	POST /api/around HTTP/1.1	PostmanRuntime/7.33.0	-	0:0:0:0:0:0:0:1	324
2023-10-05 18:48:20.412	200	POST /api/upload HTTP/1.1	PostmanRuntime/7.33.0	-	0:0:0:0:0:0:0:1	20
2023-10-05 18:49:04.826	200	POST /api/room HTTP/1.1	PostmanRuntime/7.33.0	-	0:0:0:0:0:0:0:1	446
2023-10-05 18:50:42.516	200	POST /api/create HTTP/1.1	PostmanRuntime/7.33.0	-	0:0:0:0:0:0:0:1	20
2023-10-05 18:50:48.817	200	POST /api/create HTTP/1.1	PostmanRuntime/7.33.0	-	0:0:0:0:0:0:0:1	59
2023-10-05 18:51:13.351	200	POST /api/create HTTP/1.1	PostmanRuntime/7.33.0	-	0:0:0:0:0:0:0:1	58
2023-10-05 18:51:16.049	200	POST /api/create HTTP/1.1	PostmanRuntime/7.33.0	-	0:0:0:0:0:0:0:1	58
2023-10-05 18:51:52.568	500	POST /api/create HTTP/1.1	PostmanRuntime/7.33.0	-	0:0:0:0:0:0:0:1	10335
2023-10-05 18:55:46.950	200	POST /api/create HTTP/1.1	PostmanRuntime/7.33.0	-	0:0:0:0:0:0:0:1	20
2023-10-05 18:55:56.456	200	POST /api/create HTTP/1.1	PostmanRuntime/7.33.0	-	0:0:0:0:0:0:0:1	58
2023-10-05 18:59:06.922	200	POST /api/create HTTP/1.1	PostmanRuntime/7.33.0	-	0:0:0:0:0:0:0:1	49
2023-10-05 18:59:33.472	200	POST /api/create HTTP/1.1	PostmanRuntime/7.33.0	-	0:0:0:0:0:0:0:1	20
2023-10-05 18:59:36.627	200	POST /api/create HTTP/1.1	PostmanRuntime/7.33.0	-	0:0:0:0:0:0:0:1	58
2023-10-05 19:03:40.264	200	POST /api/create HTTP/1.1	PostmanRuntime/7.33.0	-	0:0:0:0:0:0:0:1	49
2023-10-05 19:03:45.732	200	POST /api/create HTTP/1.1	PostmanRuntime/7.33.0	-	0:0:0:0:0:0:0:1	50
2023-10-05 19:04:22.973	200	POST /api/login HTTP/1.1	PostmanRuntime/7.33.0	-	0:0:0:0:0:0:0:1	14
2023-10-05 19:05:50.434	200	POST /api/create HTTP/1.1	PostmanRuntime/7.33.0	-	0:0:0:0:0:0:0:1	50
2023-10-05 19:06:47.735	200	POST /api/create HTTP/1.1	PostmanRuntime/7.33.0	-	0:0:0:0:0:0:0:1	50
2023-10-05 19:07:48.705	200	POST /api/create HTTP/1.1	PostmanRuntime/7.33.0	-	0:0:0:0:0:0:0:1	20
2023-10-05 19:08:31.289	200	POST /api/create HTTP/1.1	PostmanRuntime/7.33.0	-	0:0:0:0:0:0:0:1	20
2023-10-05 19:08:38.090	200	POST /api/create HTTP/1.1	PostmanRuntime/7.33.0	-	0:0:0:0:0:0:0:1	20
2023-10-05 19:09:00.046	200	POST /api/create HTTP/1.1	PostmanRuntime/7.33.0	-	0:0:0:0:0:0:0:1	58
2023-10-05 19:11:41.631	200	POST /api/room/list HTTP/1.1	PostmanRuntime/7.33.0	-	0:0:0:0:0:0:0:1	550
2023-10-05 19:11:45.183	200	POST /api/room/list HTTP/1.1	PostmanRuntime/7.33.0	-	0:0:0:0:0:0:0:1	12
2023-10-05 19:11:48.432	200	POST /api/room/list HTTP/1.1	PostmanRuntime/7.33.0	-	0:0:0:0:0:0:0:1	550
2023-10-05 19:11:58.707	200	POST /api/room/create HTTP/1.1	PostmanRuntime/7.33.0	-	0:0:0:0:0:0:0:1	49
2023-10-05 19:13:05.797	200	POST /api/room/list HTTP/1.1	PostmanRuntime/7.33.0	-	0:0:0:0:0:0:0:1	576
2023-10-05 19:13:10.810	200	POST /api/room/create HTTP/1.1	PostmanRuntime/7.33.0	-	0:0:0:0:0:0:0:1	58
