2023-09-25 18:32:14.737	200	POST /api/register HTTP/1.1	PostmanRuntime/7.33.0	-	0:0:0:0:0:0:0:1	22
2023-09-25 19:16:21.137	405	POST /api/test HTTP/1.1	PostmanRuntime/7.33.0	-	0:0:0:0:0:0:0:1	5048
2023-09-25 19:16:38.581	500	POST /api/test HTTP/1.1	PostmanRuntime/7.33.0	-	0:0:0:0:0:0:0:1	12036
2023-09-25 19:17:06.746	500	POST /api/test HTTP/1.1	PostmanRuntime/7.33.0	-	0:0:0:0:0:0:0:1	12028
2023-09-25 20:40:48.248	500	POST /api/test HTTP/1.1	PostmanRuntime/7.33.0	-	0:0:0:0:0:0:0:1	12028
2023-09-25 20:41:22.781	500	POST /api/test HTTP/1.1	PostmanRuntime/7.33.0	-	0:0:0:0:0:0:0:1	12028
2023-09-25 20:41:23.856	500	POST /api/test HTTP/1.1	PostmanRuntime/7.33.0	-	0:0:0:0:0:0:0:1	12028
2023-09-25 20:41:40.066	500	POST /api/test HTTP/1.1	PostmanRuntime/7.33.0	-	0:0:0:0:0:0:0:1	12028
2023-09-25 20:50:31.951	500	POST /api/test HTTP/1.1	PostmanRuntime/7.33.0	-	0:0:0:0:0:0:0:1	12028
2023-09-25 20:54:32.292	500	POST /api/test HTTP/1.1	PostmanRuntime/7.33.0	-	0:0:0:0:0:0:0:1	12028
2023-09-25 20:56:19.233	500	POST /api/test HTTP/1.1	PostmanRuntime/7.33.0	-	0:0:0:0:0:0:0:1	9650
2023-09-25 20:58:42.672	500	POST /api/test HTTP/1.1	PostmanRuntime/7.33.0	-	0:0:0:0:0:0:0:1	9650
2023-09-25 21:00:40.010	500	POST /api/test HTTP/1.1	PostmanRuntime/7.33.0	-	0:0:0:0:0:0:0:1	9399
2023-09-25 21:01:44.732	200	POST /api/test HTTP/1.1	PostmanRuntime/7.33.0	-	0:0:0:0:0:0:0:1	-
2023-09-25 21:02:32.616	500	POST /api/test HTTP/1.1	PostmanRuntime/7.33.0	-	0:0:0:0:0:0:0:1	11125
2023-09-25 21:12:02.490	500	POST /api/test HTTP/1.1	PostmanRuntime/7.33.0	-	0:0:0:0:0:0:0:1	11123
2023-09-25 21:29:02.494	200	POST /api/test HTTP/1.1	PostmanRuntime/7.33.0	-	0:0:0:0:0:0:0:1	-
2023-09-25 21:29:29.367	200	POST /api/test HTTP/1.1	PostmanRuntime/7.33.0	-	0:0:0:0:0:0:0:1	146
2023-09-25 21:40:19.103	200	POST /api/test HTTP/1.1	PostmanRuntime/7.33.0	-	0:0:0:0:0:0:0:1	20
2023-09-25 21:40:26.373	200	POST /api/test HTTP/1.1	PostmanRuntime/7.33.0	-	0:0:0:0:0:0:0:1	20
2023-09-25 21:42:36.819	200	POST /api/test HTTP/1.1	PostmanRuntime/7.33.0	-	0:0:0:0:0:0:0:1	20
2023-09-25 22:14:22.048	404	POST /login/validation HTTP/1.1	PostmanRuntime/7.33.0	-	0:0:0:0:0:0:0:1	149
2023-09-25 22:14:41.672	404	POST /login/validation HTTP/1.1	PostmanRuntime/7.33.0	-	0:0:0:0:0:0:0:1	149
2023-09-25 22:15:28.162	404	POST /login/validation HTTP/1.1	PostmanRuntime/7.33.0	-	0:0:0:0:0:0:0:1	149
2023-09-25 22:16:07.095	404	POST /validation HTTP/1.1	PostmanRuntime/7.33.0	-	0:0:0:0:0:0:0:1	143
2023-09-25 22:16:30.610	200	POST /api/login/validation HTTP/1.1	PostmanRuntime/7.33.0	-	0:0:0:0:0:0:0:1	12
2023-09-25 22:16:36.421	200	POST /api/login/validation HTTP/1.1	PostmanRuntime/7.33.0	-	0:0:0:0:0:0:0:1	12
2023-09-25 22:17:19.954	200	POST /api/login/validation HTTP/1.1	PostmanRuntime/7.33.0	-	0:0:0:0:0:0:0:1	20
2023-09-25 22:17:22.643	200	POST /api/login/validation HTTP/1.1	PostmanRuntime/7.33.0	-	0:0:0:0:0:0:0:1	20
2023-09-25 22:18:23.126	200	POST /api/login/validation HTTP/1.1	PostmanRuntime/7.33.0	-	0:0:0:0:0:0:0:1	20
2023-09-25 22:19:55.965	200	POST /api/login/validation HTTP/1.1	PostmanRuntime/7.33.0	-	0:0:0:0:0:0:0:1	20
