2023-09-26 16:10:45.041	200	POST /api/login/validation HTTP/1.1	PostmanRuntime/7.33.0	-	0:0:0:0:0:0:0:1	20
2023-09-26 16:10:48.098	200	POST /api/login/validation HTTP/1.1	PostmanRuntime/7.33.0	-	0:0:0:0:0:0:0:1	20
2023-09-26 16:11:18.491	200	POST /api/login/validation HTTP/1.1	PostmanRuntime/7.33.0	-	0:0:0:0:0:0:0:1	20
2023-09-26 16:11:21.166	200	POST /api/login/validation HTTP/1.1	PostmanRuntime/7.33.0	-	0:0:0:0:0:0:0:1	20
2023-09-26 16:38:33.633	404	POST /api/upload/C:/Users/Soong_moo/Pictures/Screenshots/%EC%8A%A4%ED%81%AC%EB%A6%B0%EC%83%B7%202023-09-13%20163219.png HTTP/1.1	PostmanRuntime/7.33.0	-	0:0:0:0:0:0:0:1	246
2023-09-26 16:38:57.257	404	POST /api/upload/%EC%8A%A4%ED%81%AC%EB%A6%B0%EC%83%B7%202023-09-13%20163219.png HTTP/1.1	PostmanRuntime/7.33.0	-	0:0:0:0:0:0:0:1	206
2023-09-26 16:39:09.388	404	POST /api/upload/%EC%8A%A4%ED%81%AC%EB%A6%B0%EC%83%B7%202023-09-13%20163219.png HTTP/1.1	PostmanRuntime/7.33.0	-	0:0:0:0:0:0:0:1	206
2023-09-26 16:42:32.022	404	POST /api/upload/C:/Users/Soong_moo/Pictures/Screenshots/%EC%8A%A4%ED%81%AC%EB%A6%B0%EC%83%B7%202023-09-13%20163219.png HTTP/1.1	PostmanRuntime/7.33.0	-	0:0:0:0:0:0:0:1	246
2023-09-26 16:42:46.931	404	POST /api/upload/C:/Users/Soong_moo/Pictures/Screenshots/%EC%8A%A4%ED%81%AC%EB%A6%B0%EC%83%B7%202023-09-13%20163219.png HTTP/1.1	PostmanRuntime/7.33.0	-	0:0:0:0:0:0:0:1	246
2023-09-26 16:49:30.766	404	POST /api/upload/C:/Users/Soong_moo/Pictures/Screenshots/%EC%8A%A4%ED%81%AC%EB%A6%B0%EC%83%B7%202023-09-13%20163219.png HTTP/1.1	PostmanRuntime/7.33.0	-	0:0:0:0:0:0:0:1	246
2023-09-26 16:49:41.786	404	POST /api/upload/%EC%8A%A4%ED%81%AC%EB%A6%B0%EC%83%B7%202023-09-13%20163219.png HTTP/1.1	PostmanRuntime/7.33.0	-	0:0:0:0:0:0:0:1	206
2023-09-26 16:49:45.494	404	POST /api/upload/%EC%8A%A4%ED%81%AC%EB%A6%B0%EC%83%B7%202023-09-13%20163219.png HTTP/1.1	PostmanRuntime/7.33.0	-	0:0:0:0:0:0:0:1	206
2023-09-26 16:49:46.584	404	POST /api/upload/%EC%8A%A4%ED%81%AC%EB%A6%B0%EC%83%B7%202023-09-13%20163219.png HTTP/1.1	PostmanRuntime/7.33.0	-	0:0:0:0:0:0:0:1	206
2023-09-26 16:49:47.837	404	POST /api/upload/%EC%8A%A4%ED%81%AC%EB%A6%B0%EC%83%B7%202023-09-13%20163219.png HTTP/1.1	PostmanRuntime/7.33.0	-	0:0:0:0:0:0:0:1	206
2023-09-26 16:50:10.656	404	POST /api/upload/1.png HTTP/1.1	PostmanRuntime/7.33.0	-	0:0:0:0:0:0:0:1	149
2023-09-26 18:08:43.375	404	POST /api/upload/1.png HTTP/1.1	PostmanRuntime/7.33.0	-	0:0:0:0:0:0:0:1	149
2023-09-26 18:26:32.830	500	POST /api/upload/1.png HTTP/1.1	PostmanRuntime/7.33.0	-	0:0:0:0:0:0:0:1	5578
2023-09-26 18:34:25.150	404	POST /api/upload/test/1.png HTTP/1.1	PostmanRuntime/7.33.0	-	0:0:0:0:0:0:0:1	154
2023-09-26 18:35:27.261	404	POST /api/upload/test/1.png HTTP/1.1	PostmanRuntime/7.33.0	-	0:0:0:0:0:0:0:1	154
2023-09-26 18:36:15.845	404	POST /api/upload/test/1.png HTTP/1.1	PostmanRuntime/7.33.0	-	0:0:0:0:0:0:0:1	154
2023-09-26 18:38:26.247	500	POST /api/upload?id=test&file=%EC%8A%A4%ED%81%AC%EB%A6%B0%EC%83%B7%202023-09-13%20163219.png HTTP/1.1	PostmanRuntime/7.33.0	-	0:0:0:0:0:0:0:1	5572
2023-09-26 18:39:17.687	400	POST /api/upload?id=test&file=%EC%8A%A4%ED%81%AC%EB%A6%B0%EC%83%B7%202023-09-13%20163219.png HTTP/1.1	PostmanRuntime/7.33.0	-	0:0:0:0:0:0:0:1	5574
2023-09-26 18:40:43.360	500	POST /api/upload?id=test&file=%EC%8A%A4%ED%81%AC%EB%A6%B0%EC%83%B7%202023-09-13%20163219.png HTTP/1.1	PostmanRuntime/7.33.0	-	0:0:0:0:0:0:0:1	5596
2023-09-26 18:45:13.789	500	POST /api/upload HTTP/1.1	PostmanRuntime/7.33.0	-	0:0:0:0:0:0:0:1	6098
2023-09-26 18:48:49.849	500	POST /api/upload HTTP/1.1	PostmanRuntime/7.33.0	-	0:0:0:0:0:0:0:1	6094
2023-09-26 18:49:40.344	500	POST /api/upload HTTP/1.1	PostmanRuntime/7.33.0	-	0:0:0:0:0:0:0:1	6094
2023-09-26 18:50:07.564	500	POST /api/upload HTTP/1.1	PostmanRuntime/7.33.0	-	0:0:0:0:0:0:0:1	6094
2023-09-26 18:52:52.484	500	POST /api/upload HTTP/1.1	PostmanRuntime/7.33.0	-	0:0:0:0:0:0:0:1	6150
2023-09-26 21:23:39.923	200	POST /api/upload HTTP/1.1	PostmanRuntime/7.33.0	-	0:0:0:0:0:0:0:1	-
2023-09-26 21:30:40.804	200	POST /api/upload HTTP/1.1	PostmanRuntime/7.33.0	-	0:0:0:0:0:0:0:1	-
2023-09-26 21:31:37.922	200	POST /api/upload HTTP/1.1	PostmanRuntime/7.33.0	-	0:0:0:0:0:0:0:1	-
2023-09-26 21:32:42.751	200	POST /api/upload HTTP/1.1	PostmanRuntime/7.33.0	-	0:0:0:0:0:0:0:1	-
2023-09-26 21:34:24.456	200	POST /api/upload HTTP/1.1	PostmanRuntime/7.33.0	-	0:0:0:0:0:0:0:1	-
2023-09-26 21:36:01.925	200	POST /api/upload HTTP/1.1	PostmanRuntime/7.33.0	-	0:0:0:0:0:0:0:1	-
2023-09-26 21:36:30.824	200	POST /api/upload HTTP/1.1	PostmanRuntime/7.33.0	-	0:0:0:0:0:0:0:1	-
2023-09-26 21:44:29.418	200	POST /api/upload HTTP/1.1	PostmanRuntime/7.33.0	-	0:0:0:0:0:0:0:1	-
2023-09-26 21:48:21.693	200	POST /api/upload HTTP/1.1	PostmanRuntime/7.33.0	-	0:0:0:0:0:0:0:1	-
2023-09-26 21:48:29.624	500	POST /api/upload HTTP/1.1	PostmanRuntime/7.33.0	-	0:0:0:0:0:0:0:1	6017
2023-09-26 21:48:36.198	200	POST /api/upload HTTP/1.1	PostmanRuntime/7.33.0	-	0:0:0:0:0:0:0:1	-
2023-09-26 22:26:36.066	200	POST /api/register HTTP/1.1	PostmanRuntime/7.33.0	-	0:0:0:0:0:0:0:1	22
2023-09-26 22:26:48.252	200	POST /api/register HTTP/1.1	PostmanRuntime/7.33.0	-	0:0:0:0:0:0:0:1	22
2023-09-26 22:29:36.156	200	POST /api/register HTTP/1.1	PostmanRuntime/7.33.0	-	0:0:0:0:0:0:0:1	22
2023-09-26 22:32:13.761	500	POST /api/register HTTP/1.1	PostmanRuntime/7.33.0	-	0:0:0:0:0:0:0:1	12265
2023-09-26 22:33:34.314	200	POST /api/register HTTP/1.1	PostmanRuntime/7.33.0	-	0:0:0:0:0:0:0:1	22
2023-09-26 22:44:27.179	200	POST /api/register HTTP/1.1	PostmanRuntime/7.33.0	-	0:0:0:0:0:0:0:1	22
2023-09-26 22:45:24.389	200	POST /api/register HTTP/1.1	PostmanRuntime/7.33.0	-	0:0:0:0:0:0:0:1	22
2023-09-26 22:46:32.026	500	POST /api/register HTTP/1.1	PostmanRuntime/7.33.0	-	0:0:0:0:0:0:0:1	12265
2023-09-26 22:48:01.873	200	POST /api/register HTTP/1.1	PostmanRuntime/7.33.0	-	0:0:0:0:0:0:0:1	22
2023-09-26 22:49:15.314	200	POST /api/register HTTP/1.1	PostmanRuntime/7.33.0	-	0:0:0:0:0:0:0:1	22
2023-09-26 22:50:03.717	200	POST /api/register HTTP/1.1	PostmanRuntime/7.33.0	-	0:0:0:0:0:0:0:1	22
